<?xml version="1.0" encoding="utf-8"?><testsuites><testsuite name="pytest" errors="0" failures="0" skipped="0" tests="82" time="7.415" timestamp="2026-09-24T20:50:56.111719+08:00" hostname="Gins_Desktop"><testcase classname="tests.test_sample_bundle" name="test_receiver_in_fresh_process_without_sender" time="2.943" /><testcase classname="tests.test_sample_bundle" name="test_generator_refuses_existing_destination" time="0.001" /><testcase classname="tests.test_sample_bundle" name="test_receiver_refuses_private_key_material" time="0.039" /><testcase classname="tests.test_sample_bundle" name="test_receiver_detects_transfer_damage" time="0.185" /><testcase classname="tests.test_sample_bundle" name="test_receiver_rejects_unexpected_verdict_without_export" time="0.490" /><testcase classname="tests.test_sample_bundle" name="test_bundle_paths_cannot_escape" time="0.002" /><testcase classname="tests.test_e2e.TestTransferMechanics" name="test_the_receiver_gets_exactly_three_files" time="0.050" /><testcase classname="tests.test_e2e.TestTransferMechanics" name="test_the_private_key_never_leaves_the_sender" time="0.033" /><testcase classname="tests.test_e2e.TestTransferMechanics" name="test_neither_secret_appears_in_any_transferred_file" time="0.033" /><testcase classname="tests.test_e2e.TestTransferMechanics" name="test_the_protect_result_lists_what_still_has_to_be_shared" time="0.023" /><testcase classname="tests.test_e2e.TestTransferMechanics" name="test_the_receiver_can_verify_from_its_own_directory" time="0.033" /><testcase classname="tests.test_e2e.TestTransferMechanics" name="test_the_manifest_is_required" time="0.027" /><testcase classname="tests.test_e2e.TestTransferMechanics" name="test_the_sender_cover_is_untouched" time="0.022" /><testcase classname="tests.test_e2e.TestPositiveCases" name="test_png_at_three_message_sizes[short]" time="0.035" /><testcase classname="tests.test_e2e.TestPositiveCases" name="test_png_at_three_message_sizes[long]" time="0.032" /><testcase classname="tests.test_e2e.TestPositiveCases" name="test_png_at_three_message_sizes[custom]" time="0.033" /><testcase classname="tests.test_e2e.TestPositiveCases" name="test_wav_at_three_message_sizes[short]" time="0.036" /><testcase classname="tests.test_e2e.TestPositiveCases" name="test_wav_at_three_message_sizes[long]" time="0.036" /><testcase classname="tests.test_e2e.TestPositiveCases" name="test_wav_at_three_message_sizes[custom]" time="0.034" /><testcase classname="tests.test_e2e.TestPositiveCases" name="test_encrypted_custom_payload" time="0.038" /><testcase classname="tests.test_e2e.TestPositiveCases" name="test_bmp_with_a_manual_start_location" time="0.033" /><testcase classname="tests.test_e2e.TestPositiveCases" name="test_video_protected_and_verified" time="0.081" /><testcase classname="tests.test_e2e.TestPositiveCases" name="test_every_selectable_depth_survives_a_transfer[1]" time="0.033" /><testcase classname="tests.test_e2e.TestPositiveCases" name="test_every_selectable_depth_survives_a_transfer[2]" time="0.032" /><testcase classname="tests.test_e2e.TestPositiveCases" name="test_every_selectable_depth_survives_a_transfer[3]" time="0.033" /><testcase classname="tests.test_e2e.TestPositiveCases" name="test_every_selectable_depth_survives_a_transfer[4]" time="0.033" /><testcase classname="tests.test_e2e.TestPositiveCases" name="test_every_selectable_depth_survives_a_transfer[5]" time="0.034" /><testcase classname="tests.test_e2e.TestPositiveCases" name="test_every_selectable_depth_survives_a_transfer[6]" time="0.034" /><testcase classname="tests.test_e2e.TestPositiveCases" name="test_every_selectable_depth_survives_a_transfer[7]" time="0.033" /><testcase classname="tests.test_e2e.TestPositiveCases" name="test_every_selectable_depth_survives_a_transfer[8]" time="0.034" /><testcase classname="tests.test_e2e.TestNegativeCases" name="test_corrupted_message_in_an_image" time="0.039" /><testcase classname="tests.test_e2e.TestNegativeCases" name="test_corrupted_record_in_audio" time="0.041" /><testcase classname="tests.test_e2e.TestNegativeCases" name="test_corrupted_signature_in_audio" time="0.043" /><testcase classname="tests.test_e2e.TestNegativeCases" name="test_wrong_public_key" time="0.064" /><testcase classname="tests.test_e2e.TestNegativeCases" name="test_wrong_start_secret" time="0.032" /><testcase classname="tests.test_e2e.TestNegativeCases" name="test_missing_payload" time="0.033" /><testcase classname="tests.test_e2e.TestNegativeCases" name="test_tampered_manifest_caught_by_the_cross_check" time="0.039" /><testcase classname="tests.test_e2e.TestNegativeCases" name="test_tampered_manifest_that_breaks_extraction" time="0.041" /><testcase classname="tests.test_e2e.TestNegativeCases" name="test_a_lossy_re_encode_of_a_video_destroys_the_payload" time="0.419" /><testcase classname="tests.test_e2e.TestNegativeCases" name="test_wrong_passphrase_on_an_encrypted_message" time="0.038" /><testcase classname="tests.test_e2e.TestInputValidation" name="test_insufficient_capacity_is_refused_before_anything_is_written" time="0.008" /><testcase classname="tests.test_e2e.TestInputValidation" name="test_a_greater_depth_makes_the_same_message_fit" time="0.028" /><testcase classname="tests.test_e2e.TestDemonstrationOutputs" name="test_media_comparison_is_available_for_the_demo" time="0.024" /><testcase classname="tests.test_e2e.TestDemonstrationOutputs" name="test_quality_degrades_as_depth_rises" time="0.050" /><testcase classname="tests.test_e2e.TestDemonstrationOutputs" name="test_the_verdict_summary_is_loggable_without_leaking_the_message" time="0.032" /><testcase classname="tests.test_e2e.TestDemonstrationOutputs" name="test_the_manifest_is_readable_by_a_person" time="0.026" /><testcase classname="tests.test_payload_files.TestDetectPayloadType" name="test_content_decides_the_type[\x89PNG\r\n\x1a\n\x00\x00\x00\x00\x00\x00\x00\x00\x00\x00\x00\x00\x00\x00\x00\x00\x00\x00\x00\x00-image-.png]" time="0.000" /><testcase classname="tests.test_payload_files.TestDetectPayloadType" name="test_content_decides_the_type[\xff\xd8\xff\xe0\x00\x00\x00\x00\x00\x00\x00\x00\x00\x00\x00\x00\x00\x00\x00\x00\x00\x00\x00\x00-image-.jpg]" time="0.000" /><testcase classname="tests.test_payload_files.TestDetectPayloadType" name="test_content_decides_the_type[BM\x00\x00\x00\x00\x00\x00\x00\x00\x00\x00\x00\x00\x00\x00\x00\x00\x00\x00\x00\x00\x00\x00\x00\x00\x00\x00\x00\x00\x00\x00\x00\x00\x00\x00\x00\x00\x00\x00\x00\x00-image-.bmp]" time="0.000" /><testcase classname="tests.test_payload_files.TestDetectPayloadType" name="test_content_decides_the_type[RIFF\x00\x00\x00\x00WAVEfmt -audio-.wav]" time="0.000" /><testcase classname="tests.test_payload_files.TestDetectPayloadType" name="test_content_decides_the_type[ID3\x04\x00\x00\x00\x00\x00\x00\x00\x00\x00\x00\x00\x00\x00\x00\x00\x00\x00\x00\x00\x00\x00-audio-.mp3]" time="0.000" /><testcase classname="tests.test_payload_files.TestDetectPayloadType" name="test_content_decides_the_type[\xff\xfb\x90\x00\x00\x00\x00\x00\x00\x00\x00\x00\x00\x00\x00\x00\x00\x00\x00\x00\x00\x00\x00\x00-audio-.mp3]" time="0.000" /><testcase classname="tests.test_payload_files.TestDetectPayloadType" name="test_content_decides_the_type[plain text, caf\xc3\xa9-text-.txt]" time="0.000" /><testcase classname="tests.test_payload_files.TestDetectPayloadType" name="test_content_decides_the_type[\x00\xff\xfe\x80\x81-binary-.bin]" time="0.000" /><testcase classname="tests.test_payload_files.TestDetectPayloadType" name="test_a_real_png_is_an_image" time="0.000" /><testcase classname="tests.test_payload_files.TestDetectPayloadType" name="test_a_riff_file_that_is_not_wave_is_not_audio" time="0.000" /><testcase classname="tests.test_payload_files.TestDetectPayloadType" name="test_only_images_and_audio_are_previewable" time="0.000" /><testcase classname="tests.test_payload_files.TestSafeFilename" name="test_names_are_reduced_to_a_bare_file_name[logo.png-logo.png]" time="0.000" /><testcase classname="tests.test_payload_files.TestSafeFilename" name="test_names_are_reduced_to_a_bare_file_name[../../etc/passwd-passwd]" time="0.000" /><testcase classname="tests.test_payload_files.TestSafeFilename" name="test_names_are_reduced_to_a_bare_file_name[..\\..\\Startup\\run.bat-run.bat]" time="0.000" /><testcase classname="tests.test_payload_files.TestSafeFilename" name="test_names_are_reduced_to_a_bare_file_name[C:\\Users\\x\\a.wav-a.wav]" time="0.000" /><testcase classname="tests.test_payload_files.TestSafeFilename" name="test_names_are_reduced_to_a_bare_file_name[.hidden-hidden]" time="0.000" /><testcase classname="tests.test_payload_files.TestSafeFilename" name="test_names_are_reduced_to_a_bare_file_name[bad&lt;&gt;:&quot;|?*name.txt-bad_______name.txt]" time="0.000" /><testcase classname="tests.test_payload_files.TestSafeFilename" name="test_names_are_reduced_to_a_bare_file_name[trailing. -trailing]" time="0.000" /><testcase classname="tests.test_payload_files.TestSafeFilename" name="test_unusable_names_are_refused[]" time="0.000" /><testcase classname="tests.test_payload_files.TestSafeFilename" name="test_unusable_names_are_refused[..]" time="0.000" /><testcase classname="tests.test_payload_files.TestSafeFilename" name="test_unusable_names_are_refused[/]" time="0.000" /><testcase classname="tests.test_payload_files.TestSafeFilename" name="test_unusable_names_are_refused[\\]" time="0.000" /><testcase classname="tests.test_payload_files.TestSafeFilename" name="test_unusable_names_are_refused[CON]" time="0.000" /><testcase classname="tests.test_payload_files.TestSafeFilename" name="test_unusable_names_are_refused[nul.txt]" time="0.000" /><testcase classname="tests.test_payload_files.TestSafeFilename" name="test_unusable_names_are_refused[COM1.wav]" time="0.000" /><testcase classname="tests.test_payload_files.TestSafeFilename" name="test_a_non_string_is_refused[None]" time="0.000" /><testcase classname="tests.test_payload_files.TestSafeFilename" name="test_a_non_string_is_refused[42]" time="0.000" /><testcase classname="tests.test_payload_files.TestSafeFilename" name="test_a_non_string_is_refused[name2]" time="0.000" /><testcase classname="tests.test_payload_files.TestSafeFilename" name="test_a_long_name_keeps_its_extension" time="0.000" /><testcase classname="tests.test_payload_files.TestMetadata" name="test_the_sender_records_name_and_type" time="0.001" /><testcase classname="tests.test_payload_files.TestMetadata" name="test_the_recorded_name_is_the_default" time="0.000" /><testcase classname="tests.test_payload_files.TestMetadata" name="test_a_hostile_recorded_name_is_sanitised" time="0.000" /><testcase classname="tests.test_payload_files.TestMetadata" name="test_without_a_usable_name_the_content_picks_the_extension[None]" time="0.000" /><testcase classname="tests.test_payload_files.TestMetadata" name="test_without_a_usable_name_the_content_picks_the_extension[metadata1]" time="0.000" /><testcase classname="tests.test_payload_files.TestMetadata" name="test_without_a_usable_name_the_content_picks_the_extension[metadata2]" time="0.000" /><testcase classname="tests.test_challenge_evaluation" name="test_challenge_evaluation" time="1.305" /></testsuite></testsuites>