<?xml version="1.0" encoding="utf-8"?><testsuites><testsuite name="pytest" errors="0" failures="0" skipped="0" tests="1729" time="66.177" timestamp="2026-09-24T13:06:38.424689+08:00" hostname="Gins_Thinkpad"><properties>
[...]
</properties><testcase classname="tests.test_attacks.TestCatalogue" name="test_keys_are_unique" time="0.008" /><testcase classname="tests.test_attacks.TestCatalogue" name="test_every_attack_has_a_label_and_summary" time="0.001" /><testcase classname="tests.test_attacks.TestCatalogue" name="test_image_catalogue_excludes_other_media_attacks" time="0.001" /><testcase classname="tests.test_attacks.TestCatalogue" name="test_audio_catalogue_excludes_other_media_attacks" time="0.001" /><testcase classname="tests.test_attacks.TestCatalogue" name="test_payload_attacks_apply_to_every_medium" time="0.001" /><testcase classname="tests.test_attacks.TestCatalogue" name="test_video_offers_its_own_attacks_and_no_others" time="0.001" /><testcase classname="tests.test_attacks.TestCatalogue" name="test_unknown_key_is_reported_with_the_available_ones" time="0.001" /><testcase classname="tests.test_attacks.TestCatalogue" name="test_every_expected_verdict_is_a_real_verdict" time="0.217" /><testcase classname="tests.test_attacks.TestImageAttacks" name="test_verdict_matches_the_declared_expectation[payload.record]" time="0.030" /><testcase classname="tests.test_attacks.TestImageAttacks" name="test_verdict_matches_the_declared_expectation[payload.message]" time="0.028" /><testcase classname="tests.test_attacks.TestImageAttacks" name="test_verdict_matches_the_declared_expectation[payload.signature]" time="0.028" /><testcase classname="tests.test_attacks.TestImageAttacks" name="test_verdict_matches_the_declared_expectation[payload.magic]" time="0.028" /><testcase classname="tests.test_attacks.TestImageAttacks" name="test_verdict_matches_the_declared_expectation[payload.length_header]" time="0.027" /><testcase classname="tests.test_attacks.TestImageAttacks" name="test_verdict_matches_the_declared_expectation[payload.truncate]" time="0.031" /><testcase classname="tests.test_attacks.TestImageAttacks" name="test_verdict_matches_the_declared_expectation[payload.random_bits]" time="0.033" /><testcase classname="tests.test_attacks.TestImageAttacks" name="test_verdict_matches_the_declared_expectation[manifest.tamper]" time="0.030" /><testcase classname="tests.test_attacks.TestImageAttacks" name="test_verdict_matches_the_declared_expectation[image.inside]" time="0.028" /><testcase classname="tests.test_attacks.TestImageAttacks" name="test_verdict_matches_the_declared_expectation[image.outside]" time="0.027" /><testcase classname="tests.test_attacks.TestImageAttacks" name="test_verdict_matches_the_declared_expectation[image.blank]" time="0.035" /><testcase classname="tests.test_attacks.TestImageAttacks" name="test_verdict_matches_the_declared_expectation[image.lossy]" time="0.028" /><testcase classname="tests.test_attacks.TestImageAttacks" name="test_modifying_outside_the_payload_still_verifies" time="0.033" /><testcase classname="tests.test_attacks.TestImageAttacks" name="test_modifying_inside_the_payload_breaks_verification" time="0.034" /><testcase classname="tests.test_attacks.TestImageAttacks" name="test_lossy_recompression_destroys_the_payload" time="0.028" /><testcase classname="tests.test_attacks.TestImageAttacks" name="test_the_original_is_never_modified" time="0.056" /><testcase classname="tests.test_attacks.TestAudioAttacks" name="test_verdict_matches_the_declared_expectation[payload.record]" time="0.042" /><testcase classname="tests.test_attacks.TestAudioAttacks" name="test_verdict_matches_the_declared_expectation[payload.message]" time="0.041" /><testcase classname="tests.test_attacks.TestAudioAttacks" name="test_verdict_matches_the_declared_expectation[payload.signature]" time="0.040" /><testcase classname="tests.test_attacks.TestAudioAttacks" name="test_verdict_matches_the_declared_expectation[payload.magic]" time="0.034" /><testcase classname="tests.test_attacks.TestAudioAttacks" name="test_verdict_matches_the_declared_expectation[payload.length_header]" time="0.034" /><testcase classname="tests.test_attacks.TestAudioAttacks" name="test_verdict_matches_the_declared_expectation[payload.truncate]" time="0.037" /><testcase classname="tests.test_attacks.TestAudioAttacks" name="test_verdict_matches_the_declared_expectation[payload.random_bits]" time="0.035" /><testcase classname="tests.test_attacks.TestAudioAttacks" name="test_verdict_matches_the_declared_expectation[manifest.tamper]" time="0.036" /><testcase classname="tests.test_attacks.TestAudioAttacks" name="test_verdict_matches_the_declared_expectation[audio.inside]" time="0.033" /><testcase classname="tests.test_attacks.TestAudioAttacks" name="test_verdict_matches_the_declared_expectation[audio.outside]" time="0.034" /><testcase classname="tests.test_attacks.TestAudioAttacks" name="test_verdict_matches_the_declared_expectation[audio.amplitude]" time="0.037" /><testcase classname="tests.test_attacks.TestAudioAttacks" name="test_verdict_matches_the_declared_expectation[audio.resample]" time="0.035" /><testcase classname="tests.test_attacks.TestAudioAttacks" name="test_verdict_matches_the_declared_expectation[audio.truncate]" time="0.034" /><testcase classname="tests.test_attacks.TestAudioAttacks" name="test_modifying_outside_the_payload_still_verifies" time="0.037" /><testcase classname="tests.test_attacks.TestAudioAttacks" name="test_amplitude_scaling_destroys_the_payload" time="0.035" /><testcase classname="tests.test_attacks.TestAudioAttacks" name="test_resampling_destroys_the_payload" time="0.037" /><testcase classname="tests.test_attacks.TestAudioAttacks" name="test_resampling_changes_the_frame_count" time="0.036" /><testcase classname="tests.test_attacks.TestPayloadSectionAttacks" name="test_each_section_produces_its_specific_verdict[payload.record-SIGNATURE_INVALID]" time="0.031" /><testcase classname="tests.test_attacks.TestPayloadSectionAttacks" name="test_each_section_produces_its_specific_verdict[payload.message-SIGNATURE_INVALID]" time="0.033" /><testcase classname="tests.test_attacks.TestPayloadSectionAttacks" name="test_each_section_produces_its_specific_verdict[payload.signature-SIGNATURE_INVALID]" time="0.030" /><testcase classname="tests.test_attacks.TestPayloadSectionAttacks" name="test_each_section_produces_its_specific_verdict[payload.magic-PAYLOAD_MISSING]" time="0.030" /><testcase classname="tests.test_attacks.TestPayloadSectionAttacks" name="test_corrupting_the_message_is_a_signature_failure_not_tampering" time="0.031" /><testcase classname="tests.test_attacks.TestPayloadSectionAttacks" name="test_random_bit_corruption_breaks_verification" time="0.031" /><testcase classname="tests.test_attacks.TestPayloadSectionAttacks" name="test_an_impossible_bit_error_rate_is_refused" time="0.018" /><testcase classname="tests.test_attacks.TestPayloadSectionAttacks" name="test_truncation_is_reported_as_missing_or_unverifiable" time="0.028" /><testcase classname="tests.test_attacks.TestResigningAttack" name="test_it_fails_against_the_genuine_public_key" time="0.168" /><testcase classname="tests.test_attacks.TestResigningAttack" name="test_it_reaches_tampered_only_against_the_attackers_key" time="0.028" /><testcase classname="tests.test_attacks.TestResigningAttack" name="test_a_missing_attacker_key_is_reported" time="0.017" /><testcase classname="tests.test_attacks.TestManifestAttacks" name="test_editing_the_depth_breaks_verification" time="0.027" /><testcase classname="tests.test_attacks.TestManifestAttacks" name="test_editing_the_media_id_is_caught_by_the_cross_check" time="0.026" /><testcase classname="tests.test_attacks.TestManifestAttacks" name="test_the_original_manifest_is_untouched" time="0.028" /><testcase classname="tests.test_attacks.TestManifestAttacks" name="test_the_stego_file_is_untouched_by_a_manifest_attack" time="0.027" /><testcase classname="tests.test_attacks.TestManifestAttacks" name="test_an_unknown_field_is_reported" time="0.018" /><testcase classname="tests.test_attacks.TestManifestAttacks" name="test_an_explicit_replacement_value_is_used" time="0.021" /><testcase classname="tests.test_attacks.TestReporting" name="test_run_summary_is_json_serialisable" time="0.030" /><testcase classname="tests.test_attacks.TestReporting" name="test_text_summary_shows_before_and_after" time="0.031" /><testcase classname="tests.test_attacks.TestReporting" name="test_outcome_describes_what_changed" time="0.030" /><testcase classname="tests.test_attacks.TestReporting" name="test_details_are_copied_not_aliased" time="0.004" /><testcase classname="tests.test_attacks.TestReporting" name="test_expected_verdicts_are_a_frozenset" time="0.001" /><testcase classname="tests.test_attacks.TestOutputSafety" name="test_an_occupied_output_is_refused" time="0.022" /><testcase classname="tests.test_attacks.TestOutputSafety" name="test_a_missing_output_directory_is_refused" time="0.020" /><testcase classname="tests.test_attacks.TestInsideAttacksReachTheSignature" name="test_image_inside_gives_signature_invalid_at_every_depth[1]" time="0.028" /><testcase classname="tests.test_attacks.TestInsideAttacksReachTheSignature" name="test_image_inside_gives_signature_invalid_at_every_depth[2]" time="0.027" /><testcase classname="tests.test_attacks.TestInsideAttacksReachTheSignature" name="test_image_inside_gives_signature_invalid_at_every_depth[3]" time="0.025" /><testcase classname="tests.test_attacks.TestInsideAttacksReachTheSignature" name="test_image_inside_gives_signature_invalid_at_every_depth[4]" time="0.026" /><testcase classname="tests.test_attacks.TestInsideAttacksReachTheSignature" name="test_image_inside_gives_signature_invalid_at_every_depth[5]" time="0.030" /><testcase classname="tests.test_attacks.TestInsideAttacksReachTheSignature" name="test_image_inside_gives_signature_invalid_at_every_depth[6]" time="0.033" /><testcase classname="tests.test_attacks.TestInsideAttacksReachTheSignature" name="test_image_inside_gives_signature_invalid_at_every_depth[7]" time="0.025" /><testcase classname="tests.test_attacks.TestInsideAttacksReachTheSignature" name="test_image_inside_gives_signature_invalid_at_every_depth[8]" time="0.029" /><testcase classname="tests.test_attacks.TestInsideAttacksReachTheSignature" name="test_audio_inside_gives_signature_invalid[1]" time="0.033" /><testcase classname="tests.test_attacks.TestInsideAttacksReachTheSignature" name="test_audio_inside_gives_signature_invalid[4]" time="0.032" /><testcase classname="tests.test_attacks.TestInsideAttacksReachTheSignature" name="test_audio_inside_gives_signature_invalid[8]" time="0.033" /><testcase classname="tests.test_attacks.TestInsideAttacksReachTheSignature" name="test_the_damage_is_at_the_end_of_the_region" time="0.026" /><testcase classname="tests.test_attacks.TestInsideAttacksReachTheSignature" name="test_with_repetition_coding_the_damage_can_be_repaired" time="0.027" /><testcase classname="tests.test_attacks.TestLengthHeaderAttack" name="test_it_is_offered_for_every_medium" time="0.001" /><testcase classname="tests.test_attacks.TestLengthHeaderAttack" name="test_image_gives_payload_missing_with_a_specific_reason[1]" time="0.025" /><testcase classname="tests.test_attacks.TestLengthHeaderAttack" name="test_image_gives_payload_missing_with_a_specific_reason[3]" time="0.030" /><testcase classname="tests.test_attacks.TestLengthHeaderAttack" name="test_image_gives_payload_missing_with_a_specific_reason[8]" time="0.029" /><testcase classname="tests.test_attacks.TestLengthHeaderAttack" name="test_audio_gives_payload_missing" time="0.034" /><testcase classname="tests.test_attacks.TestLengthHeaderAttack" name="test_only_one_sample_changes" time="0.030" /><testcase classname="tests.test_audio_quality.TestMetrics" name="test_identical_audio_has_zero_error_and_unbounded_psnr" time="0.011" /><testcase classname="tests.test_audio_quality.TestMetrics" name="test_metrics_grow_with_distortion" time="0.015" /><testcase classname="tests.test_audio_quality.TestMetrics" name="test_changed_sample_count_is_exact" time="0.009" /><testcase classname="tests.test_audio_quality.TestMetrics" name="test_report_carries_media_properties" time="0.014" /><testcase classname="tests.test_audio_quality.TestValidation" name="test_differing_sample_rates_are_rejected" time="0.011" /><testcase classname="tests.test_audio_quality.TestValidation" name="test_differing_shapes_are_rejected" time="0.010" /><testcase classname="tests.test_audio_quality.TestDistortionAgainstDepth" name="test_distortion_rises_monotonically_with_depth" time="0.171" /><testcase classname="tests.test_audio_stego.TestRoundTrip" name="test_every_depth_round_trips[1]" time="0.016" /><testcase classname="tests.test_audio_stego.TestRoundTrip" name="test_every_depth_round_trips[2]" time="0.017" /><testcase classname="tests.test_audio_stego.TestRoundTrip" name="test_every_depth_round_trips[3]" time="0.015" /><testcase classname="tests.test_audio_stego.TestRoundTrip" name="test_every_depth_round_trips[4]" time="0.015" /><testcase classname="tests.test_audio_stego.TestRoundTrip" name="test_every_depth_round_trips[5]" time="0.016" /><testcase classname="tests.test_audio_stego.TestRoundTrip" name="test_every_depth_round_trips[6]" time="0.016" /><testcase classname="tests.test_audio_stego.TestRoundTrip" name="test_every_depth_round_trips[7]" time="0.016" /><testcase classname="tests.test_audio_stego.TestRoundTrip" name="test_every_depth_round_trips[8]" time="0.015" /><testcase classname="tests.test_audio_stego.TestRoundTrip" name="test_extract_returns_the_embedded_payload" time="0.521" /><testcase classname="tests.test_audio_stego.TestRoundTrip" name="test_stereo_round_trips" time="0.016" /><testcase classname="tests.test_audio_stego.TestRoundTrip" name="test_empty_payload_round_trips" time="0.014" /><testcase classname="tests.test_audio_stego.TestRoundTrip" name="test_bytearray_payload_is_accepted" time="0.012" /><testcase classname="tests.test_audio_stego.TestRoundTrip" name="test_numpy_integers_are_accepted" time="0.012" /><testcase classname="tests.test_audio_stego.TestRoundTrip" name="test_payload_at_the_exact_capacity_round_trips" time="0.012" /><testcase classname="tests.test_audio_stego.TestRoundTrip" name="test_depths_that_do_not_divide_the_header_round_trip[3]" time="0.013" /><testcase classname="tests.test_audio_stego.TestRoundTrip" name="test_depths_that_do_not_divide_the_header_round_trip[5]" time="0.012" /><testcase classname="tests.test_audio_stego.TestRoundTrip" name="test_depths_that_do_not_divide_the_header_round_trip[6]" time="0.012" /><testcase classname="tests.test_audio_stego.TestRoundTrip" name="test_depths_that_do_not_divide_the_header_round_trip[7]" time="0.013" /><testcase classname="tests.test_audio_stego.TestRoundTrip" name="test_extreme_samples_round_trip" time="0.012" /><testcase classname="tests.test_audio_stego.TestSignedSampleHandling" name="test_negative_samples_are_reinterpreted_not_converted" time="0.012" /><testcase classname="tests.test_audio_stego.TestSignedSampleHandling" name="test_the_stream_view_is_unsigned" time="0.005" /><testcase classname="tests.test_audio_stego.TestSignedSampleHandling" name="test_the_most_negative_sample_survives_a_round_trip" time="0.012" /><testcase classname="tests.test_audio_stego.TestSignedSampleHandling" name="test_interleaved_channel_order_is_preserved" time="0.001" /><testcase classname="tests.test_audio_stego.TestCoverPreservation" name="test_bits_above_the_depth_are_unchanged" time="0.442" /><testcase classname="tests.test_audio_stego.TestCoverPreservation" name="test_samples_outside_the_written_range_are_identical" time="0.401" /><testcase classname="tests.test_audio_stego.TestCoverPreservation" name="test_per_sample_change_is_bounded_by_the_depth" time="0.406" /><testcase classname="tests.test_audio_stego.TestCoverPreservation" name="test_the_cover_file_is_left_byte_for_byte_unchanged" time="0.013" /><testcase classname="tests.test_audio_stego.TestCoverPreservation" name="test_media_properties_are_preserved" time="0.014" /><testcase classname="tests.test_audio_stego.TestCoverPreservation" name="test_wav_output_preserves_the_file_size" time="0.011" /><testcase classname="tests.test_audio_stego.TestDeterminism" name="test_repeated_embedding_produces_identical_samples" time="0.019" /><testcase classname="tests.test_audio_stego.TestCapacity" name="test_capacity_counts_every_channel" time="0.010" /><testcase classname="tests.test_audio_stego.TestCapacity" name="test_capacity_grows_with_depth" time="0.012" /><testcase classname="tests.test_audio_stego.TestCapacity" name="test_measuring_does_not_raise_for_an_oversized_payload" time="0.009" /><testcase classname="tests.test_audio_stego.TestCapacity" name="test_descriptor_reports_the_media_properties" time="0.006" /><testcase classname="tests.test_audio_stego.TestCapacity" name="test_payload_one_byte_over_capacity_is_refused" time="0.010" /><testcase classname="tests.test_audio_stego.TestCapacity" name="test_no_output_file_is_left_after_a_capacity_failure" time="0.008" /><testcase classname="tests.test_audio_stego.TestCapacity" name="test_start_location_reduces_capacity" time="0.008" /><testcase classname="tests.test_audio_stego.TestFileErrors" name="test_missing_input" time="0.005" /><testcase classname="tests.test_audio_stego.TestFileErrors" name="test_input_is_a_directory" time="0.005" /><testcase classname="tests.test_audio_stego.TestFileErrors" name="test_embedding_in_place_is_refused" time="0.007" /><testcase classname="tests.test_audio_stego.TestFileErrors" name="test_the_cover_survives_a_refused_in_place_write" time="0.007" /><testcase classname="tests.test_audio_stego.TestFileErrors" name="test_occupied_output_is_refused" time="0.009" /><testcase classname="tests.test_audio_stego.TestFileErrors" name="test_overwrite_allows_replacement" time="0.015" /><testcase classname="tests.test_audio_stego.TestFileErrors" name="test_missing_output_directory" time="0.009" /><testcase classname="tests.test_audio_stego.TestFileErrors" name="test_no_temporary_files_remain_after_a_successful_embed" time="0.011" /><testcase classname="tests.test_audio_stego.TestDecodeErrors" name="test_non_audio_content" time="0.007" /><testcase classname="tests.test_audio_stego.TestDecodeErrors" name="test_float_wav_is_refused_with_a_clear_reason" time="0.007" /><testcase classname="tests.test_audio_stego.TestDecodeErrors" name="test_eight_bit_wav_is_refused" time="0.009" /><testcase classname="tests.test_audio_stego.TestDecodeErrors" name="test_error_messages_omit_the_directory" time="0.007" /><testcase classname="tests.test_audio_stego.TestValidationErrors" name="test_depth_out_of_range[0]" time="0.008" /><testcase classname="tests.test_audio_stego.TestValidationErrors" name="test_depth_out_of_range[9]" time="0.008" /><testcase classname="tests.test_audio_stego.TestValidationErrors" name="test_depth_out_of_range[-1]" time="0.008" /><testcase classname="tests.test_audio_stego.TestValidationErrors" name="test_depth_out_of_range[100]" time="0.008" /><testcase classname="tests.test_audio_stego.TestValidationErrors" name="test_boolean_depth" time="0.010" /><testcase classname="tests.test_audio_stego.TestValidationErrors" name="test_negative_start_location" time="0.010" /><testcase classname="tests.test_audio_stego.TestValidationErrors" name="test_start_location_at_the_sample_count" time="0.009" /><testcase classname="tests.test_audio_stego.TestValidationErrors" name="test_boolean_start_location" time="0.008" /><testcase classname="tests.test_audio_stego.TestValidationErrors" name="test_non_bytes_payload" time="0.008" /><testcase classname="tests.test_audio_stego.TestExtractionErrors" name="test_wrong_depth_does_not_raise_a_bare_exception" time="0.014" /><testcase classname="tests.test_audio_stego.TestExtractionErrors" name="test_truncated_stream_is_reported" time="0.008" /><testcase classname="tests.test_audio_stego.TestExtractionErrors" name="test_manifest_length_disagreement_is_reported" time="0.014" /><testcase classname="tests.test_audio_stego.TestExtractionErrors" name="test_matching_manifest_length_is_accepted" time="0.013" /><testcase classname="tests.test_audio_stego.TestExtractionErrors" name="test_extraction_messages_do_not_claim_a_cause" time="0.009" /><testcase classname="tests.test_audio_stego.TestExtractionErrors" name="test_missing_input_for_extraction" time="0.005" /><testcase classname="tests.test_audio_stego.TestRemovedInterface" name="test_old_embed_name_is_gone" time="0.001" /><testcase classname="tests.test_audio_stego.TestRemovedInterface" name="test_old_extract_name_is_gone" time="0.001" /><testcase classname="tests.test_audio_stego.TestRemovedInterface" name="test_the_private_magic_marker_is_gone" time="0.001" /><testcase classname="tests.test_audio_stego.TestRemovedInterface" name="test_the_passcode_parameter_is_gone" time="0.001" /><testcase classname="tests.test_audio_stego.TestRemovedInterface" name="test_the_layer_imports_nothing_from_the_crypto_package" time="0.006" /><testcase classname="tests.test_audio_stego.TestRemovedInterface" name="test_the_shared_bit_helpers_are_actually_used" time="0.001" /><testcase classname="tests.test_audio_stego.TestRemovedInterface" name="test_no_private_bit_conversion_helpers_remain" time="0.001" /><testcase classname="tests.test_audio_stego.TestCrossMediaParity" name="test_the_agreed_positional_signature_works_for_both" time="0.023" /><testcase classname="tests.test_audio_stego.TestCrossMediaParity" name="test_the_shared_stream_has_a_32_bit_length_header" time="0.001" /><testcase classname="tests.test_audio_stego.TestCrossMediaParity" name="test_both_layers_report_a_capacity_report" time="0.010" /><testcase classname="tests.test_audio_stego.TestCrossMediaParity" name="test_one_handler_catches_errors_from_both_layers" time="0.010" /><testcase classname="tests.test_audio_stego.TestCrossMediaParity" name="test_identical_payloads_produce_identical_low_bits[1]" time="0.023" /><testcase classname="tests.test_audio_stego.TestCrossMediaParity" name="test_identical_payloads_produce_identical_low_bits[2]" time="0.022" /><testcase classname="tests.test_audio_stego.TestCrossMediaParity" name="test_identical_payloads_produce_identical_low_bits[3]" time="0.022" /><testcase classname="tests.test_audio_stego.TestCrossMediaParity" name="test_identical_payloads_produce_identical_low_bits[4]" time="0.022" /><testcase classname="tests.test_audio_stego.TestCrossMediaParity" name="test_identical_payloads_produce_identical_low_bits[5]" time="0.023" /><testcase classname="tests.test_audio_stego.TestCrossMediaParity" name="test_identical_payloads_produce_identical_low_bits[6]" time="0.023" /><testcase classname="tests.test_audio_stego.TestCrossMediaParity" name="test_identical_payloads_produce_identical_low_bits[7]" time="0.023" /><testcase classname="tests.test_audio_stego.TestCrossMediaParity" name="test_identical_payloads_produce_identical_low_bits[8]" time="0.026" /><testcase classname="tests.test_audio_stego.TestCrossMediaParity" name="test_both_layers_expose_the_same_result_fields" time="0.021" /><testcase classname="tests.test_bit_utils.TestBitOrdering" name="test_high_bit_comes_first" time="0.001" /><testcase classname="tests.test_bit_utils.TestBitOrdering" name="test_low_bit_comes_last" time="0.001" /><testcase classname="tests.test_bit_utils.TestBitOrdering" name="test_bit_count_is_eight_per_byte" time="0.001" /><testcase classname="tests.test_bit_utils.TestBitOrdering" name="test_empty_input_gives_empty_output" time="0.001" /><testcase classname="tests.test_bit_utils.TestBitOrdering" name="test_elements_are_only_zero_or_one" time="0.001" /><testcase classname="tests.test_bit_utils.TestByteBitRoundTrip" name="test_round_trip" time="0.085" /><testcase classname="tests.test_bit_utils.TestByteBitRoundTrip" name="test_non_multiple_of_eight_is_rejected" time="0.001" /><testcase classname="tests.test_bit_utils.TestByteBitRoundTrip" name="test_rejects_oversized_input" time="0.001" /><testcase classname="tests.test_bit_utils.TestByteBitRoundTrip" name="test_rejects_wrong_type" time="0.001" /><testcase classname="tests.test_bit_utils.TestGroupPacking" name="test_round_trip_ignoring_padding" time="0.112" /><testcase classname="tests.test_bit_utils.TestGroupPacking" name="test_group_count_is_ceiling" time="0.223" /><testcase classname="tests.test_bit_utils.TestGroupPacking" name="test_group_values_fit_the_depth" time="0.117" /><testcase classname="tests.test_bit_utils.TestGroupPacking" name="test_padding_uses_zero_bits" time="0.001" /><testcase classname="tests.test_bit_utils.TestGroupPacking" name="test_depth_one_maps_bits_to_groups_directly" time="0.001" /><testcase classname="tests.test_bit_utils.TestGroupPacking" name="test_depth_eight_maps_bytes_to_groups_directly" time="0.001" /><testcase classname="tests.test_bit_utils.TestLowBitWriteRead" name="test_eight_bit_round_trip_and_preservation" time="0.185" /><testcase classname="tests.test_bit_utils.TestLowBitWriteRead" name="test_sixteen_bit_round_trip_and_preservation" time="0.171" /><testcase classname="tests.test_bit_utils.TestLowBitWriteRead" name="test_depth_eight_on_eight_bit_sample_overwrites_completely" time="0.001" /><testcase classname="tests.test_bit_utils.TestLowBitWriteRead" name="test_depth_eight_on_sixteen_bit_sample_keeps_high_byte" time="0.001" /><testcase classname="tests.test_bit_utils.TestLowBitWriteRead" name="test_inputs_are_not_modified" time="0.001" /><testcase classname="tests.test_bit_utils.TestLowBitWriteRead" name="test_shape_mismatch_is_rejected" time="0.001" /><testcase classname="tests.test_bit_utils.TestValidation" name="test_out_of_range_depth[0]" time="0.001" /><testcase classname="tests.test_bit_utils.TestValidation" name="test_out_of_range_depth[9]" time="0.001" /><testcase classname="tests.test_bit_utils.TestValidation" name="test_out_of_range_depth[-1]" time="0.001" /><testcase classname="tests.test_bit_utils.TestValidation" name="test_out_of_range_depth[100]" time="0.001" /><testcase classname="tests.test_bit_utils.TestValidation" name="test_non_integer_depth[True]" time="0.001" /><testcase classname="tests.test_bit_utils.TestValidation" name="test_non_integer_depth[False]" time="0.001" /><testcase classname="tests.test_bit_utils.TestValidation" name="test_non_integer_depth[1.0]" time="0.001" /><testcase classname="tests.test_bit_utils.TestValidation" name="test_non_integer_depth[1]" time="0.001" /><testcase classname="tests.test_bit_utils.TestValidation" name="test_non_integer_depth[None]" time="0.001" /><testcase classname="tests.test_bit_utils.TestValidation" name="test_unsupported_sample_width[7]" time="0.001" /><testcase classname="tests.test_bit_utils.TestValidation" name="test_unsupported_sample_width[9]" time="0.001" /><testcase classname="tests.test_bit_utils.TestValidation" name="test_unsupported_sample_width[24]" time="0.001" /><testcase classname="tests.test_bit_utils.TestValidation" name="test_unsupported_sample_width[32]" time="0.001" /><testcase classname="tests.test_bit_utils.TestValidation" name="test_unsupported_sample_width[0]" time="0.001" /><testcase classname="tests.test_bit_utils.TestValidation" name="test_unsupported_sample_width[-8]" time="0.001" /><testcase classname="tests.test_bit_utils.TestValidation" name="test_supported_sample_widths[8]" time="0.001" /><testcase classname="tests.test_bit_utils.TestValidation" name="test_supported_sample_widths[16]" time="0.001" /><testcase classname="tests.test_bit_utils.TestPerformanceBudget" name="test_large_sequence_within_budget" time="0.956" /><testcase classname="tests.test_capacity.TestEmbeddableChannelCount" name="test_supported_counts[1-1]" time="0.001" /><testcase classname="tests.test_capacity.TestEmbeddableChannelCount" name="test_supported_counts[3-3]" time="0.001" /><testcase classname="tests.test_capacity.TestEmbeddableChannelCount" name="test_supported_counts[4-3]" time="0.001" /><testcase classname="tests.test_capacity.TestEmbeddableChannelCount" name="test_unsupported_counts[0]" time="0.001" /><testcase classname="tests.test_capacity.TestEmbeddableChannelCount" name="test_unsupported_counts[2]" time="0.001" /><testcase classname="tests.test_capacity.TestEmbeddableChannelCount" name="test_unsupported_counts[5]" time="0.001" /><testcase classname="tests.test_capacity.TestEmbeddableChannelCount" name="test_unsupported_counts[6]" time="0.001" /><testcase classname="tests.test_capacity.TestCapacityFormula" name="test_worked_example" time="0.001" /><testcase classname="tests.test_capacity.TestCapacityFormula" name="test_rgba_matches_rgb" time="0.001" /><testcase classname="tests.test_capacity.TestCapacityFormula" name="test_grayscale_uses_one_channel" time="0.001" /><testcase classname="tests.test_capacity.TestCapacityFormula" name="test_capacity_never_exceeds_the_bit_budget" time="0.195" /><testcase classname="tests.test_capacity.TestCapacityFormula" name="test_start_location_reduces_capacity" time="0.168" /><testcase classname="tests.test_capacity.TestMonotonicity" name="test_capacity_is_non_decreasing_in_depth" time="0.097" /><testcase classname="tests.test_capacity.TestMonotonicity" name="test_equal_capacity_between_adjacent_depths_is_possible" time="0.001" /><testcase classname="tests.test_capacity.TestPayloadLengthAccounting" name="test_max_payload_subtracts_the_header" time="0.001" /><testcase classname="tests.test_capacity.TestPayloadLengthAccounting" name="test_max_payload_is_never_negative" time="0.204" /><testcase classname="tests.test_capacity.TestPayloadLengthAccounting" name="test_tiny_images_report_no_room_without_raising[0]" time="0.001" /><testcase classname="tests.test_capacity.TestPayloadLengthAccounting" name="test_tiny_images_report_no_room_without_raising[1]" time="0.001" /><testcase classname="tests.test_capacity.TestPayloadLengthAccounting" name="test_tiny_images_report_no_room_without_raising[8]" time="0.001" /><testcase classname="tests.test_capacity.TestPayloadLengthAccounting" name="test_tiny_images_report_no_room_without_raising[24]" time="0.001" /><testcase classname="tests.test_capacity.TestPayloadLengthAccounting" name="test_tiny_images_report_no_room_without_raising[31]" time="0.001" /><testcase classname="tests.test_capacity.TestPayloadLengthAccounting" name="test_capacity_used_percent_is_none_below_the_header_size" time="0.001" /><testcase classname="tests.test_capacity.TestPayloadLengthAccounting" name="test_capacity_used_percent_is_reported_and_uncapped" time="0.001" /><testcase classname="tests.test_capacity.TestPayloadLengthAccounting" name="test_exact_fit_reports_one_hundred_percent" time="0.001" /><testcase classname="tests.test_capacity.TestPayloadFits" name="test_payload_below_capacity_fits" time="0.001" /><testcase classname="tests.test_capacity.TestPayloadFits" name="test_payload_exactly_at_capacity_fits" time="0.001" /><testcase classname="tests.test_capacity.TestPayloadFits" name="test_payload_one_byte_over_capacity_does_not_fit" time="0.001" /><testcase classname="tests.test_capacity.TestPayloadFits" name="test_grossly_oversized_payload_does_not_fit" time="0.001" /><testcase classname="tests.test_capacity.TestPayloadFits" name="test_zero_length_payload_fits_whenever_the_header_fits" time="0.001" /><testcase classname="tests.test_capacity.TestPayloadFits" name="test_zero_length_payload_does_not_fit_without_room_for_the_header" time="0.001" /><testcase classname="tests.test_capacity.TestPayloadFits" name="test_without_a_payload_length_the_flag_describes_the_medium" time="0.001" /><testcase classname="tests.test_capacity.TestPayloadFits" name="test_flag_always_agrees_with_the_reported_maximum" time="0.157" /><testcase classname="tests.test_capacity.TestPayloadFits" name="test_start_location_reduces_what_fits" time="0.001" /><testcase classname="tests.test_capacity.TestPositionCounts" name="test_required_position_count[4-1-32]" time="0.001" /><testcase classname="tests.test_capacity.TestPositionCounts" name="test_required_position_count[4-3-11]" time="0.001" /><testcase classname="tests.test_capacity.TestPositionCounts" name="test_required_position_count[4-8-4]" time="0.001" /><testcase classname="tests.test_capacity.TestPositionCounts" name="test_required_position_count[5-3-14]" time="0.001" /><testcase classname="tests.test_capacity.TestPositionCounts" name="test_required_position_count[0-4-0]" time="0.001" /><testcase classname="tests.test_capacity.TestPositionCounts" name="test_required_position_count_is_a_ceiling" time="0.309" /><testcase classname="tests.test_capacity.TestPositionCounts" name="test_highest_valid_start_location" time="0.001" /><testcase classname="tests.test_capacity.TestPositionCounts" name="test_highest_start_location_is_consistent_with_capacity" time="0.165" /><testcase classname="tests.test_capacity.TestPositionCounts" name="test_empty_range_is_reported_not_raised" time="0.001" /><testcase classname="tests.test_capacity.TestCheckEquivalence" name="test_byte_and_position_checks_agree" time="0.168" /><testcase classname="tests.test_capacity.TestMediaIndependence" name="test_accepts_a_plain_sample_count" time="0.001" /><testcase classname="tests.test_capacity.TestMediaIndependence" name="test_rejects_non_integer_sample_counts[100]" time="0.001" /><testcase classname="tests.test_capacity.TestMediaIndependence" name="test_rejects_non_integer_sample_counts[1.5]" time="0.001" /><testcase classname="tests.test_capacity.TestMediaIndependence" name="test_rejects_non_integer_sample_counts[None]" time="0.001" /><testcase classname="tests.test_capacity.TestMediaIndependence" name="test_rejects_non_integer_sample_counts[True]" time="0.001" /><testcase classname="tests.test_capacity.TestMediaIndependence" name="test_rejects_negative_sample_counts" time="0.001" /><testcase classname="tests.test_crypto" name="test_module_imports[app.crypto.encryption]" time="0.001" /><testcase classname="tests.test_crypto" name="test_module_imports[app.crypto.envelope]" time="0.001" /><testcase classname="tests.test_crypto" name="test_module_imports[app.crypto.errors]" time="0.001" /><testcase classname="tests.test_crypto" name="test_module_imports[app.crypto.hashing]" time="0.001" /><testcase classname="tests.test_crypto" name="test_module_imports[app.crypto.key_manager]" time="0.001" /><testcase classname="tests.test_crypto" name="test_module_imports[app.crypto.manifest]" time="0.001" /><testcase classname="tests.test_crypto" name="test_module_imports[app.crypto.payload]" time="0.001" /><testcase classname="tests.test_crypto" name="test_module_imports[app.crypto.signatures]" time="0.001" /><testcase classname="tests.test_crypto" name="test_module_imports[app.crypto.start_location]" time="0.001" /><testcase classname="tests.test_crypto.TestHashing" name="test_known_digest" time="0.001" /><testcase classname="tests.test_crypto.TestHashing" name="test_digest_length" time="0.001" /><testcase classname="tests.test_crypto.TestHashing" name="test_non_bytes_rejected" time="0.001" /><testcase classname="tests.test_crypto.TestHashing" name="test_empty_file_matches_the_known_constant" time="0.007" /><testcase classname="tests.test_crypto.TestHashing" name="test_file_and_bytes_digests_agree" time="0.015" /><testcase classname="tests.test_crypto.TestHashing" name="test_chunking_does_not_change_the_digest" time="0.007" /><testcase classname="tests.test_crypto.TestHashing" name="test_hashes_equal_is_case_insensitive_for_hex" time="0.001" /><testcase classname="tests.test_crypto.TestHashing" name="test_hashes_equal_rejects_mixed_forms" time="0.001" /><testcase classname="tests.test_crypto.TestHashing" name="test_hashes_equal_detects_difference" time="0.001" /><testcase classname="tests.test_e2e.TestTransferMechanics" name="test_the_receiver_gets_exactly_three_files" time="0.094" /><testcase classname="tests.test_e2e.TestTransferMechanics" name="test_the_private_key_never_leaves_the_sender" time="0.033" /><testcase classname="tests.test_e2e.TestTransferMechanics" name="test_neither_secret_appears_in_any_transferred_file" time="0.048" /><testcase classname="tests.test_e2e.TestTransferMechanics" name="test_the_protect_result_lists_what_still_has_to_be_shared" time="0.031" /><testcase classname="tests.test_e2e.TestTransferMechanics" name="test_the_receiver_can_verify_from_its_own_directory" time="0.030" /><testcase classname="tests.test_e2e.TestTransferMechanics" name="test_the_manifest_is_required" time="0.027" /><testcase classname="tests.test_e2e.TestTransferMechanics" name="test_the_sender_cover_is_untouched" time="0.026" /><testcase classname="tests.test_e2e.TestPositiveCases" name="test_png_at_three_message_sizes[short]" time="0.036" /><testcase classname="tests.test_e2e.TestPositiveCases" name="test_png_at_three_message_sizes[long]" time="0.037" /><testcase classname="tests.test_e2e.TestPositiveCases" name="test_png_at_three_message_sizes[custom]" time="0.038" /><testcase classname="tests.test_e2e.TestPositiveCases" name="test_wav_at_three_message_sizes[short]" time="0.043" /><testcase classname="tests.test_e2e.TestPositiveCases" name="test_wav_at_three_message_sizes[long]" time="0.041" /><testcase classname="tests.test_e2e.TestPositiveCases" name="test_wav_at_three_message_sizes[custom]" time="0.041" /><testcase classname="tests.test_e2e.TestPositiveCases" name="test_encrypted_custom_payload" time="0.052" /><testcase classname="tests.test_e2e.TestPositiveCases" name="test_bmp_with_a_manual_start_location" time="0.035" /><testcase classname="tests.test_e2e.TestPositiveCases" name="test_video_protected_and_verified" time="1.296" /><testcase classname="tests.test_e2e.TestPositiveCases" name="test_every_selectable_depth_survives_a_transfer[1]" time="0.048" /><testcase classname="tests.test_e2e.TestPositiveCases" name="test_every_selectable_depth_survives_a_transfer[2]" time="0.037" /><testcase classname="tests.test_e2e.TestPositiveCases" name="test_every_selectable_depth_survives_a_transfer[3]" time="0.038" /><testcase classname="tests.test_e2e.TestPositiveCases" name="test_every_selectable_depth_survives_a_transfer[4]" time="0.031" /><testcase classname="tests.test_e2e.TestPositiveCases" name="test_every_selectable_depth_survives_a_transfer[5]" time="0.029" /><testcase classname="tests.test_e2e.TestPositiveCases" name="test_every_selectable_depth_survives_a_transfer[6]" time="0.033" /><testcase classname="tests.test_e2e.TestPositiveCases" name="test_every_selectable_depth_survives_a_transfer[7]" time="0.030" /><testcase classname="tests.test_e2e.TestPositiveCases" name="test_every_selectable_depth_survives_a_transfer[8]" time="0.030" /><testcase classname="tests.test_e2e.TestNegativeCases" name="test_corrupted_message_in_an_image" time="0.043" /><testcase classname="tests.test_e2e.TestNegativeCases" name="test_corrupted_record_in_audio" time="0.048" /><testcase classname="tests.test_e2e.TestNegativeCases" name="test_corrupted_signature_in_audio" time="0.045" /><testcase classname="tests.test_e2e.TestNegativeCases" name="test_wrong_public_key" time="0.099" /><testcase classname="tests.test_e2e.TestNegativeCases" name="test_wrong_start_secret" time="0.031" /><testcase classname="tests.test_e2e.TestNegativeCases" name="test_missing_payload" time="0.042" /><testcase classname="tests.test_e2e.TestNegativeCases" name="test_tampered_manifest_caught_by_the_cross_check" time="0.041" /><testcase classname="tests.test_e2e.TestNegativeCases" name="test_tampered_manifest_that_breaks_extraction" time="0.038" /><testcase classname="tests.test_e2e.TestNegativeCases" name="test_a_lossy_re_encode_of_a_video_destroys_the_payload" time="1.588" /><testcase classname="tests.test_e2e.TestNegativeCases" name="test_wrong_passphrase_on_an_encrypted_message" time="0.045" /><testcase classname="tests.test_e2e.TestInputValidation" name="test_insufficient_capacity_is_refused_before_anything_is_written" time="0.012" /><testcase classname="tests.test_e2e.TestInputValidation" name="test_a_greater_depth_makes_the_same_message_fit" time="0.031" /><testcase classname="tests.test_e2e.TestDemonstrationOutputs" name="test_media_comparison_is_available_for_the_demo" time="0.029" /><testcase classname="tests.test_e2e.TestDemonstrationOutputs" name="test_quality_degrades_as_depth_rises" time="0.058" /><testcase classname="tests.test_e2e.TestDemonstrationOutputs" name="test_the_verdict_summary_is_loggable_without_leaking_the_message" time="0.030" /><testcase classname="tests.test_e2e.TestDemonstrationOutputs" name="test_the_manifest_is_readable_by_a_person" time="0.025" /><testcase classname="tests.test_encryption.TestSaltAndParameters" name="test_generated_salt_has_the_configured_length" time="0.001" /><testcase classname="tests.test_encryption.TestSaltAndParameters" name="test_generated_salts_differ" time="0.001" /><testcase classname="tests.test_encryption.TestSaltAndParameters" name="test_new_parameters_records_the_algorithms" time="0.001" /><testcase classname="tests.test_encryption.TestSaltAndParameters" name="test_new_parameters_generates_a_salt_when_none_is_given" time="0.001" /><testcase classname="tests.test_encryption.TestSaltAndParameters" name="test_salt_is_recorded_as_hex" time="0.001" /><testcase classname="tests.test_encryption.TestSaltAndParameters" name="test_production_defaults_are_used_when_unspecified" time="0.001" /><testcase classname="tests.test_encryption.TestSaltAndParameters" name="test_parameters_round_trip_through_the_record_form" time="0.001" /><testcase classname="tests.test_encryption.TestKeyDerivation" name="test_key_is_thirty_two_bytes" time="0.006" /><testcase classname="tests.test_encryption.TestKeyDerivation" name="test_derivation_is_deterministic" time="0.011" /><testcase classname="tests.test_encryption.TestKeyDerivation" name="test_different_passphrase_gives_a_different_key" time="0.011" /><testcase classname="tests.test_encryption.TestKeyDerivation" name="test_different_salt_gives_a_different_key" time="0.013" /><testcase classname="tests.test_encryption.TestKeyDerivation" name="test_str_and_bytes_passphrases_agree_for_ascii" time="0.012" /><testcase classname="tests.test_encryption.TestKeyDerivation" name="test_non_ascii_passphrase_is_utf8_encoded" time="0.006" /><testcase classname="tests.test_encryption.TestKeyDerivationValidation" name="test_empty_passphrase_is_refused" time="0.001" /><testcase classname="tests.test_encryption.TestKeyDerivationValidation" name="test_empty_byte_passphrase_is_refused" time="0.001" /><testcase classname="tests.test_encryption.TestKeyDerivationValidation" name="test_non_string_passphrase_is_refused" time="0.001" /><testcase classname="tests.test_encryption.TestKeyDerivationValidation" name="test_short_salt_is_refused" time="0.001" /><testcase classname="tests.test_encryption.TestKeyDerivationValidation" name="test_non_bytes_salt_is_refused" time="0.001" /><testcase classname="tests.test_encryption.TestKeyDerivationValidation" name="test_non_power_of_two_cost_is_refused_with_a_clear_message" time="0.001" /><testcase classname="tests.test_encryption.TestKeyDerivationValidation" name="test_cost_below_the_floor_is_refused" time="0.001" /><testcase classname="tests.test_encryption.TestKeyDerivationValidation" name="test_non_positive_cost_is_refused[n]" time="0.001" /><testcase classname="tests.test_encryption.TestKeyDerivationValidation" name="test_non_positive_cost_is_refused[r]" time="0.001" /><testcase classname="tests.test_encryption.TestKeyDerivationValidation" name="test_non_positive_cost_is_refused[p]" time="0.001" /><testcase classname="tests.test_encryption.TestKeyDerivationValidation" name="test_boolean_cost_is_refused[n]" time="0.001" /><testcase classname="tests.test_encryption.TestKeyDerivationValidation" name="test_boolean_cost_is_refused[r]" time="0.001" /><testcase classname="tests.test_encryption.TestKeyDerivationValidation" name="test_boolean_cost_is_refused[p]" time="0.001" /><testcase classname="tests.test_encryption.TestRoundTrip" name="test_message_round_trips" time="0.012" /><testcase classname="tests.test_encryption.TestRoundTrip" name="test_empty_message_round_trips" time="0.012" /><testcase classname="tests.test_encryption.TestRoundTrip" name="test_large_message_round_trips" time="0.012" /><testcase classname="tests.test_encryption.TestRoundTrip" name="test_bytearray_input_is_accepted" time="0.012" /><testcase classname="tests.test_encryption.TestRoundTrip" name="test_blob_layout_is_nonce_ciphertext_tag" time="0.008" /><testcase classname="tests.test_encryption.TestRoundTrip" name="test_ciphertext_does_not_contain_the_plaintext" time="0.009" /><testcase classname="tests.test_encryption.TestRoundTrip" name="test_encrypting_twice_gives_different_blobs" time="0.013" /><testcase classname="tests.test_encryption.TestRoundTrip" name="test_both_blobs_still_decrypt" time="0.025" /><testcase classname="tests.test_encryption.TestRoundTrip" name="test_salt_can_be_supplied_directly" time="0.012" /><testcase classname="tests.test_encryption.TestDecryptionFailures" name="test_wrong_passphrase_fails" time="0.012" /><testcase classname="tests.test_encryption.TestDecryptionFailures" name="test_failure_message_does_not_claim_a_single_cause" time="0.011" /><testcase classname="tests.test_encryption.TestDecryptionFailures" name="test_modified_ciphertext_fails" time="0.012" /><testcase classname="tests.test_encryption.TestDecryptionFailures" name="test_modified_nonce_fails" time="0.012" /><testcase classname="tests.test_encryption.TestDecryptionFailures" name="test_modified_tag_fails" time="0.011" /><testcase classname="tests.test_encryption.TestDecryptionFailures" name="test_truncated_blob_fails" time="0.011" /><testcase classname="tests.test_encryption.TestDecryptionFailures" name="test_blob_shorter_than_the_overhead_is_reported_clearly" time="0.001" /><testcase classname="tests.test_encryption.TestDecryptionFailures" name="test_empty_blob_is_reported_clearly" time="0.001" /><testcase classname="tests.test_encryption.TestDecryptionFailures" name="test_wrong_salt_fails" time="0.012" /><testcase classname="tests.test_encryption.TestDecryptionFailures" name="test_wrong_cost_parameters_fail" time="0.017" /><testcase classname="tests.test_encryption.TestDecryptionFailures" name="test_non_bytes_blob_is_refused" time="0.001" /><testcase classname="tests.test_encryption.TestDecryptionFailures" name="test_non_parameter_object_is_refused" time="0.007" /><testcase classname="tests.test_encryption.TestDecryptionFailures" name="test_unsupported_cipher_is_refused" time="0.007" /><testcase classname="tests.test_encryption.TestDecryptionFailures" name="test_unsupported_kdf_is_refused" time="0.007" /><testcase classname="tests.test_encryption.TestDecryptionFailures" name="test_non_hex_recorded_salt_is_refused" time="0.006" /><testcase classname="tests.test_encryption.TestEncryptionInputValidation" name="test_non_bytes_plaintext_is_refused" time="0.001" /><testcase classname="tests.test_encryption.TestEncryptionInputValidation" name="test_empty_passphrase_is_refused" time="0.001" /><testcase classname="tests.test_encryption.TestEncryptThenSign" name="test_signature_verifies_before_decryption_is_attempted" time="0.142" /><testcase classname="tests.test_encryption.TestEncryptThenSign" name="test_wrong_signing_key_is_a_signature_failure_not_a_cipher_failure" time="0.234" /><testcase classname="tests.test_encryption.TestEncryptThenSign" name="test_signature_covers_the_ciphertext" time="0.114" /><testcase classname="tests.test_envelope.TestCanonicalJson" name="test_key_order_does_not_affect_the_bytes" time="0.001" /><testcase classname="tests.test_envelope.TestCanonicalJson" name="test_nested_key_order_does_not_affect_the_bytes" time="0.001" /><testcase classname="tests.test_envelope.TestCanonicalJson" name="test_output_is_compact" time="0.001" /><testcase classname="tests.test_envelope.TestCanonicalJson" name="test_output_is_pure_ascii" time="0.001" /><testcase classname="tests.test_envelope.TestCanonicalJson" name="test_round_trip_reproduces_the_bytes" time="0.001" /><testcase classname="tests.test_envelope.TestCanonicalJson" name="test_floats_are_rejected" time="0.001" /><testcase classname="tests.test_envelope.TestCanonicalJson" name="test_nested_floats_are_rejected" time="0.001" /><testcase classname="tests.test_envelope.TestCanonicalJson" name="test_non_string_keys_are_rejected" time="0.001" /><testcase classname="tests.test_envelope.TestCanonicalJson" name="test_unsupported_types_are_rejected" time="0.001" /><testcase classname="tests.test_envelope.TestCanonicalJson" name="test_non_mapping_is_rejected" time="0.001" /><testcase classname="tests.test_envelope.TestCanonicalJson" name="test_serialisation_is_stable_across_reparsing" time="2.022" /><testcase classname="tests.test_envelope.TestTimestamp" name="test_has_an_explicit_offset_and_no_microseconds" time="0.001" /><testcase classname="tests.test_envelope.TestRecordRoundTrip" name="test_minimal_record_round_trips" time="0.001" /><testcase classname="tests.test_envelope.TestRecordRoundTrip" name="test_record_with_every_option_round_trips" time="0.001" /><testcase classname="tests.test_envelope.TestRecordRoundTrip" name="test_serialisation_is_deterministic" time="0.001" /><testcase classname="tests.test_envelope.TestRecordRoundTrip" name="test_metadata_key_order_does_not_change_the_bytes" time="0.001" /><testcase classname="tests.test_envelope.TestRecordRoundTrip" name="test_dictionary_carries_the_expected_field_names" time="0.001" /><testcase classname="tests.test_envelope.TestRecordRoundTrip" name="test_start_location_is_present_but_null_for_derived_mode" time="0.001" /><testcase classname="tests.test_envelope.TestRecordRoundTrip" name="test_metadata_is_copied_not_aliased" time="0.001" /><testcase classname="tests.test_envelope.TestRecordFlags" name="test_no_options_means_no_flags" time="0.001" /><testcase classname="tests.test_envelope.TestRecordFlags" name="test_encryption_sets_the_encrypted_flag" time="0.001" /><testcase classname="tests.test_envelope.TestRecordFlags" name="test_error_correction_sets_the_ecc_flag" time="0.001" /><testcase classname="tests.test_envelope.TestRecordFlags" name="test_the_none_scheme_does_not_set_the_ecc_flag" time="0.001" /><testcase classname="tests.test_envelope.TestRecordValidation" name="test_missing_field_is_named" time="0.001" /><testcase classname="tests.test_envelope.TestRecordValidation" name="test_missing_start_location_key_is_rejected" time="0.001" /><testcase classname="tests.test_envelope.TestRecordValidation" name="test_unsupported_version" time="0.001" /><testcase classname="tests.test_envelope.TestRecordValidation" name="test_unknown_media_type" time="0.001" /><testcase classname="tests.test_envelope.TestRecordValidation" name="test_unknown_start_method" time="0.001" /><testcase classname="tests.test_envelope.TestRecordValidation" name="test_lsb_depth_out_of_range[0]" time="0.001" /><testcase classname="tests.test_envelope.TestRecordValidation" name="test_lsb_depth_out_of_range[9]" time="0.001" /><testcase classname="tests.test_envelope.TestRecordValidation" name="test_lsb_depth_out_of_range[-1]" time="0.001" /><testcase classname="tests.test_envelope.TestRecordValidation" name="test_lsb_depth_out_of_range[100]" time="0.001" /><testcase classname="tests.test_envelope.TestRecordValidation" name="test_every_valid_depth_is_accepted[1]" time="0.001" /><testcase classname="tests.test_envelope.TestRecordValidation" name="test_every_valid_depth_is_accepted[2]" time="0.001" /><testcase classname="tests.test_envelope.TestRecordValidation" name="test_every_valid_depth_is_accepted[3]" time="0.001" /><testcase classname="tests.test_envelope.TestRecordValidation" name="test_every_valid_depth_is_accepted[4]" time="0.001" /><testcase classname="tests.test_envelope.TestRecordValidation" name="test_every_valid_depth_is_accepted[5]" time="0.001" /><testcase classname="tests.test_envelope.TestRecordValidation" name="test_every_valid_depth_is_accepted[6]" time="0.001" /><testcase classname="tests.test_envelope.TestRecordValidation" name="test_every_valid_depth_is_accepted[7]" time="0.001" /><testcase classname="tests.test_envelope.TestRecordValidation" name="test_every_valid_depth_is_accepted[8]" time="0.001" /><testcase classname="tests.test_envelope.TestRecordValidation" name="test_boolean_is_not_an_integer" time="0.001" /><testcase classname="tests.test_envelope.TestRecordValidation" name="test_negative_message_length" time="0.001" /><testcase classname="tests.test_envelope.TestRecordValidation" name="test_zero_message_length_is_allowed" time="0.001" /><testcase classname="tests.test_envelope.TestRecordValidation" name="test_negative_start_location" time="0.001" /><testcase classname="tests.test_envelope.TestRecordValidation" name="test_non_integer_start_location" time="0.001" /><testcase classname="tests.test_envelope.TestRecordValidation" name="test_wrong_length_message_hash" time="0.001" /><testcase classname="tests.test_envelope.TestRecordValidation" name="test_non_hex_message_hash" time="0.001" /><testcase classname="tests.test_envelope.TestRecordValidation" name="test_non_hex_nonce" time="0.001" /><testcase classname="tests.test_envelope.TestRecordValidation" name="test_odd_length_nonce" time="0.001" /><testcase classname="tests.test_envelope.TestRecordValidation" name="test_metadata_must_be_an_object" time="0.001" /><testcase classname="tests.test_envelope.TestRecordValidation" name="test_encryption_must_be_an_object_or_null" time="0.001" /><testcase classname="tests.test_envelope.TestRecordValidation" name="test_ecc_must_be_an_object_or_null" time="0.001" /><testcase classname="tests.test_envelope.TestRecordValidation" name="test_non_mapping_record" time="0.001" /><testcase classname="tests.test_envelope.TestEncryptionParameterValidation" name="test_valid_parameters_are_accepted" time="0.001" /><testcase classname="tests.test_envelope.TestEncryptionParameterValidation" name="test_unknown_cipher_is_rejected" time="0.001" /><testcase classname="tests.test_envelope.TestEncryptionParameterValidation" name="test_unknown_kdf_is_rejected" time="0.001" /><testcase classname="tests.test_envelope.TestEncryptionParameterValidation" name="test_non_hex_salt_is_rejected" time="0.001" /><testcase classname="tests.test_envelope.TestEncryptionParameterValidation" name="test_non_positive_cost_parameters_are_rejected[n]" time="0.001" /><testcase classname="tests.test_envelope.TestEncryptionParameterValidation" name="test_non_positive_cost_parameters_are_rejected[r]" time="0.001" /><testcase classname="tests.test_envelope.TestEncryptionParameterValidation" name="test_non_positive_cost_parameters_are_rejected[p]" time="0.001" /><testcase classname="tests.test_envelope.TestEncryptionParameterValidation" name="test_missing_field_is_rejected" time="0.001" /><testcase classname="tests.test_envelope.TestErrorCorrectionParameterValidation" name="test_valid_parameters_are_accepted" time="0.001" /><testcase classname="tests.test_envelope.TestErrorCorrectionParameterValidation" name="test_unknown_scheme_is_rejected" time="0.001" /><testcase classname="tests.test_envelope.TestErrorCorrectionParameterValidation" name="test_even_repetition_factor_is_rejected" time="0.001" /><testcase classname="tests.test_envelope.TestErrorCorrectionParameterValidation" name="test_every_offered_factor_is_accepted[3]" time="0.001" /><testcase classname="tests.test_envelope.TestErrorCorrectionParameterValidation" name="test_every_offered_factor_is_accepted[5]" time="0.001" /><testcase classname="tests.test_envelope.TestErrorCorrectionParameterValidation" name="test_every_offered_factor_is_accepted[7]" time="0.001" /><testcase classname="tests.test_envelope.TestErrorCorrectionParameterValidation" name="test_every_offered_factor_is_accepted[9]" time="0.001" /><testcase classname="tests.test_envelope.TestErrorCorrectionParameterValidation" name="test_zero_factor_is_rejected" time="0.001" /><testcase classname="tests.test_envelope.TestRecordDecoding" name="test_invalid_utf8" time="0.001" /><testcase classname="tests.test_envelope.TestRecordDecoding" name="test_invalid_json" time="0.001" /><testcase classname="tests.test_envelope.TestRecordDecoding" name="test_json_array_is_not_a_record" time="0.001" /><testcase classname="tests.test_envelope.TestRecordDecoding" name="test_json_scalar_is_not_a_record" time="0.001" /><testcase classname="tests.test_envelope.TestEnvelopeLayout" name="test_header_sizes" time="0.001" /><testcase classname="tests.test_envelope.TestEnvelopeLayout" name="test_signature_covers_everything_before_the_signature_length" time="0.001" /><testcase classname="tests.test_envelope.TestEnvelopeLayout" name="test_signed_region_includes_the_magic_version_and_flags" time="0.001" /><testcase classname="tests.test_envelope.TestEnvelopeLayout" name="test_flipping_a_flag_changes_the_signed_bytes" time="0.001" /><testcase classname="tests.test_envelope.TestEnvelopeLayout" name="test_length_helper_matches_the_built_envelope" time="0.001" /><testcase classname="tests.test_envelope.TestEnvelopeLayout" name="test_length_helper_rejects_negative_values" time="0.001" /><testcase classname="tests.test_envelope.TestEnvelopeLayout" name="test_empty_sections_produce_the_minimum_envelope" time="0.001" /><testcase classname="tests.test_envelope.TestEnvelopeRoundTrip" name="test_parse_recovers_every_section" time="0.001" /><testcase classname="tests.test_envelope.TestEnvelopeRoundTrip" name="test_signed_region_is_reproducible_from_the_parsed_sections" time="0.001" /><testcase classname="tests.test_envelope.TestEnvelopeRoundTrip" name="test_flags_survive_the_round_trip[0]" time="0.001" /><testcase classname="tests.test_envelope.TestEnvelopeRoundTrip" name="test_flags_survive_the_round_trip[1]" time="0.001" /><testcase classname="tests.test_envelope.TestEnvelopeRoundTrip" name="test_flags_survive_the_round_trip[2]" time="0.001" /><testcase classname="tests.test_envelope.TestEnvelopeRoundTrip" name="test_flags_survive_the_round_trip[3]" time="0.001" /><testcase classname="tests.test_envelope.TestEnvelopeRoundTrip" name="test_empty_message_round_trips" time="0.001" /><testcase classname="tests.test_envelope.TestEnvelopeRoundTrip" name="test_total_length_is_reported" time="0.001" /><testcase classname="tests.test_envelope.TestEnvelopeRoundTrip" name="test_arbitrary_message_and_signature_bytes_round_trip" time="0.198" /><testcase classname="tests.test_envelope.TestEnvelopeRoundTrip" name="test_bytearray_input_is_accepted" time="0.001" /><testcase classname="tests.test_envelope.TestEnvelopeRejections" name="test_wrong_magic_reports_no_envelope_found" time="0.001" /><testcase classname="tests.test_envelope.TestEnvelopeRejections" name="test_random_bytes_report_no_envelope_found" time="0.001" /><testcase classname="tests.test_envelope.TestEnvelopeRejections" name="test_the_no_envelope_message_does_not_claim_a_cause" time="0.001" /><testcase classname="tests.test_envelope.TestEnvelopeRejections" name="test_too_short_to_be_an_envelope" time="0.001" /><testcase classname="tests.test_envelope.TestEnvelopeRejections" name="test_empty_input" time="0.001" /><testcase classname="tests.test_envelope.TestEnvelopeRejections" name="test_unsupported_version" time="0.001" /><testcase classname="tests.test_envelope.TestEnvelopeRejections" name="test_unknown_flag_bits_are_rejected" time="0.001" /><testcase classname="tests.test_envelope.TestEnvelopeRejections" name="test_trailing_bytes_are_rejected" time="0.001" /><testcase classname="tests.test_envelope.TestEnvelopeRejections" name="test_non_bytes_input" time="0.001" /><testcase classname="tests.test_envelope.TestEnvelopeRejections" name="test_truncation_is_reported_rather_than_crashing[1]" time="0.001" /><testcase classname="tests.test_envelope.TestEnvelopeRejections" name="test_truncation_is_reported_rather_than_crashing[5]" time="0.001" /><testcase classname="tests.test_envelope.TestEnvelopeRejections" name="test_truncation_is_reported_rather_than_crashing[20]" time="0.001" /><testcase classname="tests.test_envelope.TestEnvelopeRejections" name="test_truncation_is_reported_rather_than_crashing[100]" time="0.001" /><testcase classname="tests.test_envelope.TestEnvelopeRejections" name="test_truncation_is_reported_rather_than_crashing[300]" time="0.001" /><testcase classname="tests.test_envelope.TestEnvelopeRejections" name="test_every_truncation_point_is_handled" time="0.006" /><testcase classname="tests.test_envelope.TestEnvelopeRejections" name="test_oversized_declared_record_length_is_refused_before_allocating" time="0.001" /><testcase classname="tests.test_envelope.TestEnvelopeRejections" name="test_declared_record_length_beyond_the_buffer_is_refused" time="0.001" /><testcase classname="tests.test_envelope.TestEnvelopeRejections" name="test_declared_message_length_beyond_the_buffer_is_refused" time="0.001" /><testcase classname="tests.test_envelope.TestEnvelopeRejections" name="test_malformed_record_json_is_a_record_error" time="0.001" /><testcase classname="tests.test_envelope.TestBuildValidation" name="test_non_bytes_record" time="0.001" /><testcase classname="tests.test_envelope.TestBuildValidation" name="test_non_bytes_message" time="0.001" /><testcase classname="tests.test_envelope.TestBuildValidation" name="test_non_bytes_signature" time="0.001" /><testcase classname="tests.test_envelope.TestBuildValidation" name="test_oversized_section_is_refused" time="0.040" /><testcase classname="tests.test_envelope.TestBuildValidation" name="test_unknown_flag_bit_is_refused_at_build_time" time="0.002" /><testcase classname="tests.test_envelope.TestBuildValidation" name="test_flags_must_be_an_integer" time="0.001" /><testcase classname="tests.test_envelope.TestBuildValidation" name="test_boolean_flags_are_refused" time="0.001" /><testcase classname="tests.test_envelope.TestBuildValidation" name="test_flags_wider_than_a_byte_are_refused" time="0.001" /><testcase classname="tests.test_envelope.TestTamperSensitivity" name="test_every_signed_byte_matters" time="0.001" /><testcase classname="tests.test_envelope.TestTamperSensitivity" name="test_swapping_message_content_changes_the_signed_bytes" time="0.001" /><testcase classname="tests.test_envelope.TestTamperSensitivity" name="test_moving_a_byte_between_sections_changes_the_signed_bytes" time="0.001" /><testcase classname="tests.test_gui_lab_tabs.TestContextFromManifest" name="test_it_recovers_everything_the_attacks_need" time="0.086" /><testcase classname="tests.test_gui_lab_tabs.TestContextFromManifest" name="test_a_derived_location_needs_the_secret" time="0.031" /><testcase classname="tests.test_gui_lab_tabs.TestContextFromManifest" name="test_a_manual_location_needs_no_secret" time="0.025" /><testcase classname="tests.test_gui_lab_tabs.TestContextFromManifest" name="test_a_malformed_manifest_is_reported" time="0.031" /><testcase classname="tests.test_gui_lab_tabs.TestAttackTabConstruction" name="test_it_constructs" time="0.084" /><testcase classname="tests.test_gui_lab_tabs.TestAttackTabConstruction" name="test_the_list_is_empty_until_a_file_is_loaded" time="0.006" /><testcase classname="tests.test_gui_lab_tabs.TestAttackTabConstruction" name="test_loading_an_image_lists_the_image_attacks" time="0.052" /><testcase classname="tests.test_gui_lab_tabs.TestAttackTabConstruction" name="test_loading_audio_lists_the_audio_attacks" time="0.035" /><testcase classname="tests.test_gui_lab_tabs.TestAttackTabConstruction" name="test_payload_attacks_apply_to_both_media" time="0.062" /><testcase classname="tests.test_gui_lab_tabs.TestAttackTabConstruction" name="test_the_manifest_is_found_automatically" time="0.039" /><testcase classname="tests.test_gui_lab_tabs.TestAttackTabConstruction" name="test_options_appear_only_for_the_attacks_that_use_them" time="0.043" /><testcase classname="tests.test_gui_lab_tabs.TestAttackTabConstruction" name="test_only_the_needed_secret_fields_are_enabled" time="0.234" /><testcase classname="tests.test_gui_lab_tabs.TestAttackTabValidation" name="test_no_file_is_refused" time="0.007" /><testcase classname="tests.test_gui_lab_tabs.TestAttackTabValidation" name="test_a_missing_key_is_refused" time="0.034" /><testcase classname="tests.test_gui_lab_tabs.TestAttackTabValidation" name="test_a_missing_manifest_is_refused" time="0.032" /><testcase classname="tests.test_gui_lab_tabs.TestAttackTabValidation" name="test_a_loaded_file_with_a_selection_passes" time="0.031" /><testcase classname="tests.test_gui_lab_tabs.TestAttackTabRunning" name="test_corrupting_the_signature_changes_the_verdict" time="0.049" /><testcase classname="tests.test_gui_lab_tabs.TestAttackTabRunning" name="test_modifying_outside_the_payload_leaves_the_verdict_intact" time="0.053" /><testcase classname="tests.test_gui_lab_tabs.TestAttackTabRunning" name="test_the_log_records_expected_and_observed" time="0.053" /><testcase classname="tests.test_gui_lab_tabs.TestAttackTabRunning" name="test_the_bit_error_rate_option_is_passed_through" time="0.047" /><testcase classname="tests.test_gui_lab_tabs.TestAttackTabRunning" name="test_the_manifest_field_option_is_passed_through" time="0.051" /><testcase classname="tests.test_gui_lab_tabs.TestAttackTabRunning" name="test_a_manifest_attack_verifies_the_original_file" time="0.047" /><testcase classname="tests.test_gui_lab_tabs.TestAttackTabRunning" name="test_the_resigning_attack_generates_its_own_key" time="0.121" /><testcase classname="tests.test_gui_lab_tabs.TestAttackTabRunning" name="test_an_audio_attack_runs" time="0.046" /><testcase classname="tests.test_gui_lab_tabs.TestAttackTabRunning" name="test_running_every_attack_reports_matches_and_skips" time="0.249" /><testcase classname="tests.test_gui_lab_tabs.TestAttackTabRunning" name="test_a_skipped_attack_is_reported_with_its_reason" time="0.273" /><testcase classname="tests.test_gui_lab_tabs.TestAttackTabRunning" name="test_the_log_can_be_cleared" time="0.049" /><testcase classname="tests.test_gui_lab_tabs.TestAttackTabRunning" name="test_a_failure_is_reported_without_raising" time="0.006" /><testcase classname="tests.test_gui_lab_tabs.TestArrayToPixmap" name="test_a_grayscale_plane" time="0.001" /><testcase classname="tests.test_gui_lab_tabs.TestArrayToPixmap" name="test_an_rgb_image" time="0.001" /><testcase classname="tests.test_gui_lab_tabs.TestArrayToPixmap" name="test_an_rgba_image" time="0.001" /><testcase classname="tests.test_gui_lab_tabs.TestArrayToPixmap" name="test_a_single_channel_three_dimensional_array" time="0.001" /><testcase classname="tests.test_gui_lab_tabs.TestArrayToPixmap" name="test_an_unsupported_shape_is_refused" time="0.001" /><testcase classname="tests.test_gui_lab_tabs.TestSteganalysisTab" name="test_it_constructs" time="0.005" /><testcase classname="tests.test_gui_lab_tabs.TestSteganalysisTab" name="test_the_disclaimer_is_always_displayed" time="0.004" /><testcase classname="tests.test_gui_lab_tabs.TestSteganalysisTab" name="test_no_file_is_refused" time="0.005" /><testcase classname="tests.test_gui_lab_tabs.TestSteganalysisTab" name="test_a_missing_reference_is_refused" time="0.037" /><testcase classname="tests.test_gui_lab_tabs.TestSteganalysisTab" name="test_it_proposes_the_likely_original" time="0.031" /><testcase classname="tests.test_gui_lab_tabs.TestSteganalysisTab" name="test_it_analyses_an_image_without_a_reference" time="0.043" /><testcase classname="tests.test_gui_lab_tabs.TestSteganalysisTab" name="test_it_analyses_an_image_with_a_reference" time="0.054" /><testcase classname="tests.test_gui_lab_tabs.TestSteganalysisTab" name="test_bit_planes_are_rendered_for_the_selected_channel" time="0.053" /><testcase classname="tests.test_gui_lab_tabs.TestSteganalysisTab" name="test_changing_the_channel_re_renders" time="0.050" /><testcase classname="tests.test_gui_lab_tabs.TestSteganalysisTab" name="test_an_insufficient_sample_renders_as_words" time="0.017" /><testcase classname="tests.test_gui_lab_tabs.TestSteganalysisTab" name="test_every_row_explains_what_it_measures" time="0.063" /><testcase classname="tests.test_gui_lab_tabs.TestSteganalysisTab" name="test_every_row_carries_the_disclaimer_as_a_tooltip" time="0.047" /><testcase classname="tests.test_gui_lab_tabs.TestSteganalysisTab" name="test_it_analyses_audio" time="0.041" /><testcase classname="tests.test_gui_lab_tabs.TestSteganalysisTab" name="test_audio_shows_no_bit_plane_grid" time="0.036" /><testcase classname="tests.test_gui_lab_tabs.TestSteganalysisTab" name="test_a_failure_is_reported_without_raising" time="0.005" /><testcase classname="tests.test_gui_shell.TestEntryPoint" name="test_main_module_imports_without_starting_qt" time="0.005" /><testcase classname="tests.test_gui_shell.TestEntryPoint" name="test_the_stylesheet_is_present_and_loads" time="0.001" /><testcase classname="tests.test_gui_shell.TestEntryPoint" name="test_a_missing_stylesheet_is_not_fatal" time="0.005" /><testcase classname="tests.test_gui_shell.TestEntryPoint" name="test_the_stylesheet_covers_every_verdict_style" time="0.001" /><testcase classname="tests.test_gui_shell.TestMainWindow" name="test_it_constructs" time="0.774" /><testcase classname="tests.test_gui_shell.TestMainWindow" name="test_it_has_the_five_tabs_from_the_plan" time="0.031" /><testcase classname="tests.test_gui_shell.TestMainWindow" name="test_every_tab_is_a_real_widget" time="0.037" /><testcase classname="tests.test_gui_shell.TestMainWindow" name="test_the_tab_widget_is_styleable" time="0.030" /><testcase classname="tests.test_gui_shell.TestMainWindow" name="test_the_status_bar_starts_ready" time="0.029" /><testcase classname="tests.test_gui_shell.TestMainWindow" name="test_status_can_be_updated" time="0.037" /><testcase classname="tests.test_gui_shell.TestMainWindow" name="test_the_key_and_help_menus_exist" time="0.038" /><testcase classname="tests.test_gui_shell.TestMainWindow" name="test_key_actions_are_present" time="0.043" /><testcase classname="tests.test_gui_shell.TestMainWindow" name="test_generated_keys_reach_the_tabs_without_a_restart" time="0.036" /><testcase classname="tests.test_gui_shell.TestMainWindow" name="test_generated_keys_do_not_replace_a_chosen_key" time="0.037" /><testcase classname="tests.test_gui_shell.TestMainWindow" name="test_generated_keys_replace_text_that_is_not_a_key_file" time="0.036" /><testcase classname="tests.test_gui_shell.TestMainWindow" name="test_closing_an_idle_window_does_not_block" time="0.040" /><testcase classname="tests.test_gui_shell.TestTabs" name="test_each_tab_declares_a_title[protect_tab]" time="0.033" /><testcase classname="tests.test_gui_shell.TestTabs" name="test_each_tab_declares_a_title[verify_tab]" time="0.039" /><testcase classname="tests.test_gui_shell.TestTabs" name="test_each_tab_declares_a_title[attack_tab]" time="0.039" /><testcase classname="tests.test_gui_shell.TestTabs" name="test_each_tab_declares_a_title[steganalysis_tab]" time="0.037" /><testcase classname="tests.test_gui_shell.TestTabs" name="test_each_tab_declares_a_title[video_tab]" time="0.039" /><testcase classname="tests.test_gui_shell.TestTabs" name="test_each_tab_reports_progress_to_the_status_bar[protect_tab]" time="0.040" /><testcase classname="tests.test_gui_shell.TestTabs" name="test_each_tab_reports_progress_to_the_status_bar[verify_tab]" time="0.048" /><testcase classname="tests.test_gui_shell.TestTabs" name="test_each_tab_reports_progress_to_the_status_bar[attack_tab]" time="0.046" /><testcase classname="tests.test_gui_shell.TestTabs" name="test_each_tab_reports_progress_to_the_status_bar[steganalysis_tab]" time="0.041" /><testcase classname="tests.test_gui_shell.TestTabs" name="test_each_tab_reports_progress_to_the_status_bar[video_tab]" time="0.041" /><testcase classname="tests.test_gui_shell.TestWorker" name="test_a_successful_call_emits_its_result" time="0.001" /><testcase classname="tests.test_gui_shell.TestWorker" name="test_a_failing_call_emits_a_message_and_a_traceback" time="0.004" /><testcase classname="tests.test_gui_shell.TestWorker" name="test_finished_is_emitted_on_success_and_on_failure" time="0.002" /><testcase classname="tests.test_gui_shell.TestWorker" name="test_an_exception_never_escapes_the_worker" time="0.002" /><testcase classname="tests.test_gui_shell.TestWorker" name="test_keyword_arguments_are_passed_through" time="0.001" /><testcase classname="tests.test_gui_shell.TestDescribeException" name="test_application_errors_are_used_as_written" time="0.001" /><testcase classname="tests.test_gui_shell.TestDescribeException" name="test_manifest_errors_are_used_as_written" time="0.001" /><testcase classname="tests.test_gui_shell.TestDescribeException" name="test_unexpected_errors_get_their_type_named" time="0.001" /><testcase classname="tests.test_gui_shell.TestDescribeException" name="test_an_empty_message_still_names_the_type" time="0.001" /><testcase classname="tests.test_gui_shell.TestBackgroundRunner" name="test_it_runs_a_task_and_reports_the_result" time="0.059" /><testcase classname="tests.test_gui_shell.TestBackgroundRunner" name="test_it_reports_a_failure" time="0.028" /><testcase classname="tests.test_gui_shell.TestBackgroundRunner" name="test_the_active_count_returns_to_zero" time="0.030" /><testcase classname="tests.test_gui_shell.TestDropZone" name="test_it_accepts_a_supported_image" time="0.008" /><testcase classname="tests.test_gui_shell.TestDropZone" name="test_it_accepts_a_supported_audio_file" time="0.009" /><testcase classname="tests.test_gui_shell.TestDropZone" name="test_it_rejects_an_unsupported_file_with_a_reason" time="0.006" /><testcase classname="tests.test_gui_shell.TestDropZone" name="test_it_names_a_lossy_format_and_says_why" time="0.005" /><testcase classname="tests.test_gui_shell.TestDropZone" name="test_it_rejects_a_missing_file" time="0.005" /><testcase classname="tests.test_gui_shell.TestDropZone" name="test_it_restricts_to_the_configured_media_types" time="0.007" /><testcase classname="tests.test_gui_shell.TestDropZone" name="test_detection_is_by_content_not_extension" time="0.006" /><testcase classname="tests.test_gui_shell.TestDropZone" name="test_clearing_forgets_the_selection" time="0.006" /><testcase classname="tests.test_gui_shell.TestDropZone" name="test_it_accepts_drops" time="0.001" /><testcase classname="tests.test_gui_shell.TestDropZone" name="test_the_dialog_filter_lists_supported_extensions" time="0.001" /><testcase classname="tests.test_gui_shell.TestDropZone" name="test_the_dialog_filter_can_be_restricted" time="0.001" /><testcase classname="tests.test_gui_shell.TestFileInfoPanel" name="test_it_starts_empty" time="0.001" /><testcase classname="tests.test_gui_shell.TestFileInfoPanel" name="test_it_shows_a_description" time="0.009" /><testcase classname="tests.test_gui_shell.TestFileInfoPanel" name="test_it_flags_an_extension_mismatch" time="0.007" /><testcase classname="tests.test_gui_shell.TestFileInfoPanel" name="test_a_matching_extension_shows_no_notice" time="0.006" /><testcase classname="tests.test_gui_shell.TestFileInfoPanel" name="test_it_shows_image_capacity_rows" time="0.008" /><testcase classname="tests.test_gui_shell.TestFileInfoPanel" name="test_it_shows_audio_capacity_rows" time="0.021" /><testcase classname="tests.test_gui_shell.TestFileInfoPanel" name="test_it_reports_a_payload_that_does_not_fit" time="0.010" /><testcase classname="tests.test_gui_shell.TestFileInfoPanel" name="test_clearing_removes_every_row" time="0.009" /><testcase classname="tests.test_gui_shell.TestMediaPreview" name="test_it_shows_an_image" time="0.010" /><testcase classname="tests.test_gui_shell.TestMediaPreview" name="test_it_reports_an_unsupported_file" time="0.007" /><testcase classname="tests.test_gui_shell.TestMediaPreview" name="test_it_reports_a_missing_file" time="0.005" /><testcase classname="tests.test_gui_shell.TestMediaPreview" name="test_audio_either_plays_or_says_it_cannot" time="1.454" /><testcase classname="tests.test_gui_shell.TestMediaPreview" name="test_a_missing_backend_is_reported_rather_than_a_dead_button" time="0.010" /><testcase classname="tests.test_gui_shell.TestMediaPreview" name="test_the_bundled_ffmpeg_backend_loads_on_windows" time="0.017" /><testcase classname="tests.test_gui_shell.TestMediaPreview" name="test_clearing_forgets_the_file" time="0.009" /><testcase classname="tests.test_gui_shell.TestMediaPreview" name="test_stopping_without_a_player_is_safe" time="0.002" /><testcase classname="tests.test_gui_shell.TestResultPanel" name="test_it_starts_with_no_verdict" time="0.003" /><testcase classname="tests.test_gui_shell.TestResultPanel" name="test_it_shows_the_verdict" time="0.003" /><testcase classname="tests.test_gui_shell.TestResultPanel" name="test_every_verdict_renders[AUTHENTIC]" time="0.004" /><testcase classname="tests.test_gui_shell.TestResultPanel" name="test_every_verdict_renders[TAMPERED]" time="0.003" /><testcase classname="tests.test_gui_shell.TestResultPanel" name="test_every_verdict_renders[SIGNATURE_INVALID]" time="0.003" /><testcase classname="tests.test_gui_shell.TestResultPanel" name="test_every_verdict_renders[PAYLOAD_MISSING]" time="0.003" /><testcase classname="tests.test_gui_shell.TestResultPanel" name="test_every_verdict_renders[WRONG_START_LOCATION]" time="0.002" /><testcase classname="tests.test_gui_shell.TestResultPanel" name="test_every_verdict_renders[CANNOT_VERIFY]" time="0.003" /><testcase classname="tests.test_gui_shell.TestResultPanel" name="test_the_flags_are_shown_in_words" time="0.004" /><testcase classname="tests.test_gui_shell.TestResultPanel" name="test_an_unestablished_flag_says_so_rather_than_no" time="0.004" /><testcase classname="tests.test_gui_shell.TestResultPanel" name="test_notes_are_displayed" time="0.003" /><testcase classname="tests.test_gui_shell.TestResultPanel" name="test_mismatched_fields_are_listed" time="0.003" /><testcase classname="tests.test_gui_shell.TestResultPanel" name="test_an_error_can_be_shown_without_a_verdict" time="0.002" /><testcase classname="tests.test_gui_shell.TestResultPanel" name="test_clearing_resets_everything" time="0.003" /><testcase classname="tests.test_gui_shell.TestRecoveredContentIsInert" name="test_text_is_shown_as_plain_text" time="0.004" /><testcase classname="tests.test_gui_shell.TestRecoveredContentIsInert" name="test_markup_is_not_rendered" time="0.006" /><testcase classname="tests.test_gui_shell.TestRecoveredContentIsInert" name="test_the_payload_view_is_read_only" time="0.002" /><testcase classname="tests.test_gui_shell.TestRecoveredContentIsInert" name="test_binary_content_falls_back_to_a_hex_dump" time="0.003" /><testcase classname="tests.test_gui_shell.TestRecoveredContentIsInert" name="test_the_inert_notice_is_displayed" time="0.047" /><testcase classname="tests.test_gui_shell.TestRecoveredContentIsInert" name="test_no_message_leaves_the_view_empty" time="0.003" /><testcase classname="tests.test_gui_shell.TestRecoveredContentIsInert" name="test_switching_to_hex_and_back_works" time="0.003" /><testcase classname="tests.test_gui_shell.TestHexDump" name="test_offsets_and_ascii_columns" time="0.001" /><testcase classname="tests.test_gui_shell.TestHexDump" name="test_unprintable_bytes_become_dots" time="0.001" /><testcase classname="tests.test_gui_shell.TestHexDump" name="test_empty_input" time="0.001" /><testcase classname="tests.test_gui_shell.TestHexDump" name="test_long_input_is_truncated_with_a_note" time="0.001" /><testcase classname="tests.test_gui_shell.TestHexDump" name="test_rows_use_the_configured_width" time="0.001" /><testcase classname="tests.test_gui_tabs.TestProtectTabConstruction" name="test_it_constructs" time="0.010" /><testcase classname="tests.test_gui_tabs.TestProtectTabConstruction" name="test_the_depth_control_covers_one_to_eight" time="0.009" /><testcase classname="tests.test_gui_tabs.TestProtectTabConstruction" name="test_the_depth_la
[...]
omicWrites" name="test_overwrite_replaces_the_content" time="0.009" /><testcase classname="tests.test_utils.TestAtomicWrites" name="test_missing_directory_is_reported" time="0.007" /><testcase classname="tests.test_utils.TestAtomicWrites" name="test_directory_as_target_is_reported" time="0.007" /><testcase classname="tests.test_utils.TestAtomicWrites" name="test_no_partial_file_survives_a_failed_write" time="0.005" /><testcase classname="tests.test_utils.TestAtomicWrites" name="test_no_temporary_files_remain_after_a_successful_write" time="0.007" /><testcase classname="tests.test_utils.TestAtomicWrites" name="test_non_bytes_payload_rejected" time="0.005" /><testcase classname="tests.test_utils.TestLogging" name="test_get_logger_returns_a_named_child" time="0.001" /><testcase classname="tests.test_utils.TestLogging" name="test_root_name_is_returned_unchanged" time="0.001" /><testcase classname="tests.test_utils.TestLogging" name="test_configuration_is_idempotent" time="0.001" /><testcase classname="tests.test_utils.TestLogging" name="test_records_do_not_propagate_to_the_root_logger" time="0.001" /><testcase classname="tests.test_utils.TestLogging" name="test_writes_a_rotating_log_file_into_the_log_directory" time="0.006" /><testcase classname="tests.test_utils.TestLogging" name="test_get_logger_does_not_configure_logging" time="0.001" /><testcase classname="tests.test_utils.TestLogging" name="test_log_directory_is_derived_from_the_package_not_the_cwd" time="0.002" /><testcase classname="tests.test_utils.TestLogging" name="test_importing_the_module_has_no_filesystem_side_effect" time="0.475" /><testcase classname="tests.test_utils.TestErrorHierarchy" name="test_every_error_family_derives_from_app_error" time="0.002" /><testcase classname="tests.test_utils.TestErrorHierarchy" name="test_long_messages_are_capped" time="0.001" /><testcase classname="tests.test_verification.TestAuthentic" name="test_image_round_trip_is_authentic" time="0.122" /><testcase classname="tests.test_verification.TestAuthentic" name="test_audio_round_trip_is_authentic" time="0.026" /><testcase classname="tests.test_verification.TestAuthentic" name="test_encrypted_message_is_authentic" time="0.034" /><testcase classname="tests.test_verification.TestAuthentic" name="test_manual_start_location_is_authentic" time="0.023" /><testcase classname="tests.test_verification.TestAuthentic" name="test_every_depth_verifies[1]" time="0.022" /><testcase classname="tests.test_verification.TestAuthentic" name="test_every_depth_verifies[2]" time="0.021" /><testcase classname="tests.test_verification.TestAuthentic" name="test_every_depth_verifies[3]" time="0.022" /><testcase classname="tests.test_verification.TestAuthentic" name="test_every_depth_verifies[4]" time="0.025" /><testcase classname="tests.test_verification.TestAuthentic" name="test_every_depth_verifies[5]" time="0.023" /><testcase classname="tests.test_verification.TestAuthentic" name="test_every_depth_verifies[6]" time="0.025" /><testcase classname="tests.test_verification.TestAuthentic" name="test_every_depth_verifies[7]" time="0.023" /><testcase classname="tests.test_verification.TestAuthentic" name="test_every_depth_verifies[8]" time="0.023" /><testcase classname="tests.test_verification.TestAuthentic" name="test_empty_message_verifies" time="0.023" /><testcase classname="tests.test_verification.TestAuthentic" name="test_manifest_is_found_by_convention_when_not_named" time="0.025" /><testcase classname="tests.test_verification.TestAuthentic" name="test_a_public_key_path_is_accepted" time="0.027" /><testcase classname="tests.test_verification.TestAuthentic" name="test_the_scope_caveat_travels_with_success" time="0.027" /><testcase classname="tests.test_verification.TestSignatureInvalid" name="test_wrong_public_key" time="0.049" /><testcase classname="tests.test_verification.TestSignatureInvalid" name="test_wrong_key_with_an_encrypted_message_is_still_a_signature_failure" time="0.027" /><testcase classname="tests.test_verification.TestTampered" name="test_corrupted_message_bytes_inside_the_payload" time="0.024" /><testcase classname="tests.test_verification.TestTampered" name="test_manifest_depth_disagrees_with_the_signed_record" time="0.020" /><testcase classname="tests.test_verification.TestTampered" name="test_manifest_media_id_disagrees" time="0.021" /><testcase classname="tests.test_verification.TestTampered" name="test_manifest_envelope_length_disagrees" time="0.020" /><testcase classname="tests.test_verification.TestPayloadMissing" name="test_an_unprotected_cover" time="0.023" /><testcase classname="tests.test_verification.TestPayloadMissing" name="test_wrong_start_secret" time="0.023" /><testcase classname="tests.test_verification.TestPayloadMissing" name="test_wrong_depth_in_the_manifest" time="0.022" /><testcase classname="tests.test_verification.TestPayloadMissing" name="test_the_ambiguity_note_is_attached" time="0.022" /><testcase classname="tests.test_verification.TestPayloadMissing" name="test_random_bytes_are_not_an_envelope" time="0.001" /><testcase classname="tests.test_verification.TestWrongStartLocation" name="test_a_declared_location_beyond_the_medium" time="0.022" /><testcase classname="tests.test_verification.TestWrongStartLocation" name="test_a_declared_location_leaving_too_little_room" time="0.022" /><testcase classname="tests.test_verification.TestWrongStartLocation" name="test_this_verdict_is_not_used_for_ambiguous_failures" time="0.026" /><testcase classname="tests.test_verification.TestCannotVerify" name="test_missing_manifest" time="0.018" /><testcase classname="tests.test_verification.TestCannotVerify" name="test_malformed_manifest" time="0.019" /><testcase classname="tests.test_verification.TestCannotVerify" name="test_manifest_with_an_out_of_range_depth_is_refused_early" time="0.022" /><testcase classname="tests.test_verification.TestCannotVerify" name="test_missing_start_secret_for_a_derived_location" time="0.020" /><testcase classname="tests.test_verification.TestCannotVerify" name="test_missing_passphrase_for_an_encrypted_message" time="0.028" /><testcase classname="tests.test_verification.TestCannotVerify" name="test_wrong_passphrase" time="0.035" /><testcase classname="tests.test_verification.TestCannotVerify" name="test_manifest_for_a_different_medium" time="0.038" /><testcase classname="tests.test_verification.TestCannotVerify" name="test_unreadable_cover" time="0.022" /><testcase classname="tests.test_verification.TestScopeOfAuthenticity" name="test_a_change_outside_the_payload_still_verifies" time="0.030" /><testcase classname="tests.test_verification.TestScopeOfAuthenticity" name="test_an_unmodified_file_matches_the_manifest_digest" time="0.022" /><testcase classname="tests.test_verification.TestScopeOfAuthenticity" name="test_replay_of_an_unmodified_file_still_verifies" time="0.028" /><testcase classname="tests.test_verification.TestBinaryPayloads" name="test_a_png_payload_in_a_wav_cover_round_trips" time="0.025" /><testcase classname="tests.test_verification.TestProtect" name="test_writes_both_files" time="0.018" /><testcase classname="tests.test_verification.TestProtect" name="test_manifest_is_named_by_convention" time="0.019" /><testcase classname="tests.test_verification.TestProtect" name="test_the_cover_is_left_unchanged" time="0.020" /><testcase classname="tests.test_verification.TestProtect" name="test_required_secrets_are_reported" time="0.044" /><testcase classname="tests.test_verification.TestProtect" name="test_manual_mode_needs_no_secret" time="0.022" /><testcase classname="tests.test_verification.TestProtect" name="test_no_temporary_file_is_left_behind" time="0.020" /><testcase classname="tests.test_verification.TestProtect" name="test_an_occupied_manifest_path_is_refused_before_anything_is_written" time="0.010" /><testcase classname="tests.test_verification.TestProtect" name="test_a_failed_manifest_write_leaves_no_stego_file" time="0.017" /><testcase classname="tests.test_verification.TestProtect" name="test_stego_digest_is_recorded" time="0.021" /><testcase classname="tests.test_verification.TestProtect" name="test_derived_location_is_not_published" time="0.020" /><testcase classname="tests.test_verification.TestProtect" name="test_neither_secret_appears_in_the_manifest" time="0.031" /><testcase classname="tests.test_verification.TestProtect" name="test_oversized_message_is_refused_before_writing" time="0.009" /><testcase classname="tests.test_verification.TestProtect" name="test_the_capacity_message_names_a_workable_size" time="0.009" /><testcase classname="tests.test_verification.TestProtect" name="test_ecc_parameters_are_recorded" time="0.019" /><testcase classname="tests.test_verification.TestProtect" name="test_metadata_is_recorded" time="0.019" /><testcase classname="tests.test_verification.TestProtect" name="test_media_type_is_detected_not_assumed" time="0.020" /><testcase classname="tests.test_verification.TestVerificationResult" name="test_every_verdict_has_a_description" time="0.001" /><testcase classname="tests.test_verification.TestVerificationResult" name="test_an_unknown_verdict_is_refused" time="0.001" /><testcase classname="tests.test_verification.TestVerificationResult" name="test_summary_omits_the_recovered_plaintext" time="0.022" /><testcase classname="tests.test_verification.TestVerificationResult" name="test_summary_is_json_serialisable_for_every_verdict" time="0.025" /><testcase classname="tests.test_verification.TestVerificationResult" name="test_flags_are_none_when_not_established" time="0.022" /><testcase classname="tests.test_verification.TestVerificationResult" name="test_details_are_copied_not_aliased" time="0.001" /><testcase classname="tests.test_verification.TestKeyErrorsStillRaise" name="test_missing_public_key_file" time="0.021" /><testcase classname="tests.test_verification.TestKeyErrorsStillRaise" name="test_private_key_supplied_for_verification" time="0.023" /><testcase classname="tests.test_verification.TestSingleBitFlips" name="test_a_flip_in_the_length_header" time="0.028" /><testcase classname="tests.test_verification.TestSingleBitFlips" name="test_flips_in_the_message_and_signature" time="0.036" /><testcase classname="tests.test_verification.TestSingleBitFlips" name="test_a_flip_in_the_record_is_never_authentic[200]" time="0.026" /><testcase classname="tests.test_verification.TestSingleBitFlips" name="test_a_flip_in_the_record_is_never_authentic[2000]" time="0.025" /><testcase classname="tests.test_verification.TestSingleBitFlips" name="test_a_wrong_secret_is_not_described_as_modification_alone" time="0.043" /><testcase classname="tests.test_video_stego.TestDescribe" name="test_the_descriptor_reports_the_flat_sample_domain" time="0.040" /><testcase classname="tests.test_video_stego.TestDescribe" name="test_the_container_and_codec_are_reported" time="0.020" /><testcase classname="tests.test_video_stego.TestDescribe" name="test_a_missing_file_is_refused" time="0.006" /><testcase classname="tests.test_video_stego.TestDescribe" name="test_a_container_with_no_stream_is_refused" time="0.121" /><testcase classname="tests.test_video_stego.TestDescribe" name="test_frames_are_yielded_in_order_and_are_distinct" time="0.017" /><testcase classname="tests.test_video_stego.TestDescribe" name="test_the_generated_frames_really_do_differ" time="0.001" /><testcase classname="tests.test_video_stego.TestSampleRange" name="test_a_range_inside_one_frame_is_read" time="0.025" /><testcase classname="tests.test_video_stego.TestSampleRange" name="test_a_range_spanning_frames_is_read" time="0.028" /><testcase classname="tests.test_video_stego.TestSampleRange" name="test_an_empty_range_is_empty" time="0.018" /><testcase classname="tests.test_video_stego.TestSampleRange" name="test_a_backwards_range_is_refused" time="0.019" /><testcase classname="tests.test_video_stego.TestSampleRange" name="test_a_range_past_the_clip_is_reported_as_truncated" time="0.025" /><testcase classname="tests.test_video_stego.TestCapacity" name="test_capacity_scales_with_depth" time="0.026" /><testcase classname="tests.test_video_stego.TestCapacity" name="test_capacity_matches_the_arithmetic" time="0.016" /><testcase classname="tests.test_video_stego.TestCapacity" name="test_an_oversized_payload_is_reported_not_raised" time="0.016" /><testcase classname="tests.test_video_stego.TestCapacity" name="test_embedding_an_oversized_payload_raises" time="0.051" /><testcase classname="tests.test_video_stego.TestRoundTrip" name="test_a_payload_round_trips_at_every_depth[1]" time="0.095" /><testcase classname="tests.test_video_stego.TestRoundTrip" name="test_a_payload_round_trips_at_every_depth[2]" time="0.083" /><testcase classname="tests.test_video_stego.TestRoundTrip" name="test_a_payload_round_trips_at_every_depth[3]" time="0.089" /><testcase classname="tests.test_video_stego.TestRoundTrip" name="test_a_payload_round_trips_at_every_depth[5]" time="0.078" /><testcase classname="tests.test_video_stego.TestRoundTrip" name="test_a_payload_round_trips_at_every_depth[8]" time="0.073" /><testcase classname="tests.test_video_stego.TestRoundTrip" name="test_an_empty_payload_round_trips" time="0.060" /><testcase classname="tests.test_video_stego.TestRoundTrip" name="test_a_payload_crossing_a_frame_boundary_round_trips" time="0.080" /><testcase classname="tests.test_video_stego.TestRoundTrip" name="test_a_payload_spanning_many_frames_round_trips" time="0.103" /><testcase classname="tests.test_video_stego.TestRoundTrip" name="test_the_output_is_always_matroska" time="0.064" /><testcase classname="tests.test_video_stego.TestRoundTrip" name="test_the_cover_is_left_untouched" time="0.057" /><testcase classname="tests.test_video_stego.TestRoundTrip" name="test_frames_outside_the_payload_are_bit_identical" time="0.077" /><testcase classname="tests.test_video_stego.TestRoundTrip" name="test_only_the_low_bits_of_touched_frames_changed" time="0.066" /><testcase classname="tests.test_video_stego.TestExtractionSafety" name="test_a_wrong_depth_does_not_return_the_payload" time="0.065" /><testcase classname="tests.test_video_stego.TestExtractionSafety" name="test_a_wrong_start_location_does_not_return_the_payload" time="0.068" /><testcase classname="tests.test_video_stego.TestExtractionSafety" name="test_a_manifest_length_disagreement_is_reported" time="0.067" /><testcase classname="tests.test_video_stego.TestExtractionSafety" name="test_a_start_location_past_the_clip_is_refused" time="0.018" /><testcase classname="tests.test_video_stego.TestExtractionSafety" name="test_embedding_over_the_input_is_refused" time="0.013" /><testcase classname="tests.test_video_stego.TestExtractionSafety" name="test_an_occupied_output_is_refused" time="0.010" /><testcase classname="tests.test_video_stego.TestExtractionSafety" name="test_a_non_bytes_payload_is_refused" time="0.010" /><testcase classname="tests.test_video_stego.TestExtractionSafety" name="test_a_boolean_start_location_is_refused" time="0.017" /><testcase classname="tests.test_video_stego.TestExtractionSafety" name="test_a_numpy_integer_start_location_is_accepted" time="0.073" /><testcase classname="tests.test_video_stego.TestRoundTripVerification" name="test_it_is_on_by_default_and_passes_for_ffv1" time="0.050" /><testcase classname="tests.test_video_stego.TestRoundTripVerification" name="test_it_can_be_turned_off" time="0.048" /><testcase classname="tests.test_video_stego.TestRoundTripVerification" name="test_a_lossy_encoder_would_be_caught_rather_than_trusted" time="0.033" /><testcase classname="tests.test_video_stego.TestThroughTheFacade" name="test_video_is_registered" time="0.001" /><testcase classname="tests.test_video_stego.TestThroughTheFacade" name="test_dispatch_is_by_content" time="0.019" /><testcase classname="tests.test_video_stego.TestThroughTheFacade" name="test_the_facade_round_trips" time="0.076" /><testcase classname="tests.test_video_stego.TestThroughTheFacade" name="test_the_unified_fields_agree_with_the_layer" time="0.099" /><testcase classname="tests.test_video_stego.TestEndToEnd" name="test_a_protected_clip_verifies" time="0.224" /><testcase classname="tests.test_video_stego.TestEndToEnd" name="test_the_manifest_records_video_media" time="0.116" /><testcase classname="tests.test_video_stego.TestEndToEnd" name="test_the_wrong_secret_does_not_verify" time="0.125" /><testcase classname="tests.test_video_stego.TestEndToEnd" name="test_a_manual_start_location_verifies" time="0.138" /><testcase classname="tests.test_video_stego.TestEndToEnd" name="test_an_encrypted_message_round_trips" time="0.162" /><testcase classname="tests.test_video_stego.TestEndToEnd" name="test_repetition_coding_works_on_video_too" time="0.135" /><testcase classname="tests.test_video_stego.TestVideoAttacks" name="test_the_catalogue_offers_the_video_attacks" time="0.002" /><testcase classname="tests.test_video_stego.TestVideoAttacks" name="test_corruption_inside_the_payload_breaks_verification" time="0.205" /><testcase classname="tests.test_video_stego.TestVideoAttacks" name="test_corrupting_the_length_header_is_reported_as_such" time="0.196" /><testcase classname="tests.test_video_stego.TestVideoAttacks" name="test_corruption_outside_the_payload_still_verifies" time="0.205" /><testcase classname="tests.test_video_stego.TestVideoAttacks" name="test_a_lossy_re_encode_destroys_the_payload" time="0.818" /><testcase classname="tests.test_video_stego.TestVideoAttacks" name="test_dropping_frames_makes_the_payload_unfindable" time="0.183" /><testcase classname="tests.test_video_stego.TestVideoAttacks" name="test_dropping_every_frame_is_refused" time="0.148" /><testcase classname="tests.test_video_stego.TestVideoAttacks" name="test_the_payload_attacks_work_on_video" time="0.320" /><testcase classname="tests.test_video_stego.TestQuality" name="test_identical_clips_report_no_distortion" time="0.038" /><testcase classname="tests.test_video_stego.TestQuality" name="test_an_embedding_reports_distortion_within_the_depth_bound" time="0.081" /><testcase classname="tests.test_video_stego.TestQuality" name="test_the_worst_frame_is_reported_separately" time="0.097" /><testcase classname="tests.test_video_stego.TestQuality" name="test_clips_of_different_shapes_are_refused" time="0.028" /><testcase classname="tests.test_video_stego.TestMediaComparison" name="test_the_comparison_reports_the_video_properties" time="0.094" /><testcase classname="tests.test_video_stego.TestMediaComparison" name="test_the_comparison_includes_the_distortion" time="0.094" /><testcase classname="tests.test_video_stego.TestMediaComparison" name="test_the_notes_warn_that_the_average_understates_the_touched_frames" time="0.096" /><testcase classname="tests.test_video_stego.TestFrameSpan" name="test_a_payload_inside_one_frame_reports_one_frame" time="0.017" /><testcase classname="tests.test_video_stego.TestFrameSpan" name="test_a_payload_crossing_a_boundary_reports_both_frames" time="0.016" /><testcase classname="tests.test_video_stego.TestFrameSpan" name="test_the_offset_within_the_first_frame_is_reported" time="0.016" /><testcase classname="tests.test_video_stego.TestFrameSpan" name="test_it_agrees_with_what_the_embedding_actually_touched" time="0.062" /><testcase classname="tests.test_video_stego.TestVideoTab" name="test_it_only_accepts_video" time="0.017" /><testcase classname="tests.test_video_stego.TestVideoTab" name="test_locating_needs_a_clip_first" time="0.007" /><testcase classname="tests.test_video_stego.TestVideoTab" name="test_it_reports_the_payload_frames_from_the_manifest" time="0.159" /><testcase classname="tests.test_video_stego.TestVideoTab" name="test_a_missing_secret_is_reported_rather_than_guessed" time="0.139" /><testcase classname="tests.test_video_stego.TestVideoTab" name="test_the_capacity_table_covers_every_depth" time="0.031" /><testcase classname="tests.test_video_stego.TestVideoTab" name="test_a_frame_that_carries_no_payload_says_so" time="0.135" /></testsuite></testsuites>