============================= test session starts =============================
platform win32 -- Python 3.11.16, pytest-8.3.3, pluggy-1.6.0 -- A:\Code\GUI-based-LSB-Replacement-steganography-program\.venv-t05\Scripts\python.exe
cachedir: .pytest_cache
hypothesis profile 'image-stego' -> deadline=None, suppress_health_check=[HealthCheck.too_slow], database=DirectoryBasedExampleDatabase(WindowsPath('A:/Code/GUI-based-LSB-Replacement-steganography-program/.hypothesis/examples'))
PySide6 6.8.0 -- Qt runtime 6.8.0 -- Qt compiled 6.8.0
rootdir: A:\Code\GUI-based-LSB-Replacement-steganography-program
configfile: pytest.ini
testpaths: tests
plugins: hypothesis-6.115.5, cov-7.1.0, qt-4.4.0
collecting ... collected 1820 items

tests/test_attacks.py::TestCatalogue::test_keys_are_unique PASSED        [  0%]
tests/test_attacks.py::TestCatalogue::test_every_attack_has_a_label_and_summary PASSED [  0%]
tests/test_attacks.py::TestCatalogue::test_image_catalogue_excludes_other_media_attacks PASSED [  0%]
tests/test_attacks.py::TestCatalogue::test_audio_catalogue_excludes_other_media_attacks PASSED [  0%]
tests/test_attacks.py::TestCatalogue::test_payload_attacks_apply_to_every_medium PASSED [  0%]
tests/test_attacks.py::TestCatalogue::test_video_offers_its_own_attacks_and_no_others PASSED [  0%]
tests/test_attacks.py::TestCatalogue::test_unknown_key_is_reported_with_the_available_ones PASSED [  0%]
tests/test_attacks.py::TestCatalogue::test_every_expected_verdict_is_a_real_verdict PASSED [  0%]
tests/test_attacks.py::TestImageAttacks::test_verdict_matches_the_declared_expectation[verification.wrong_key] PASSED [  0%]
tests/test_attacks.py::TestImageAttacks::test_verdict_matches_the_declared_expectation[payload.record] PASSED [  0%]
tests/test_attacks.py::TestImageAttacks::test_verdict_matches_the_declared_expectation[payload.message] PASSED [  0%]
tests/test_attacks.py::TestImageAttacks::test_verdict_matches_the_declared_expectation[payload.signature] PASSED [  0%]
tests/test_attacks.py::TestImageAttacks::test_verdict_matches_the_declared_expectation[payload.magic] PASSED [  0%]
tests/test_attacks.py::TestImageAttacks::test_verdict_matches_the_declared_expectation[payload.length_header] PASSED [  0%]
tests/test_attacks.py::TestImageAttacks::test_verdict_matches_the_declared_expectation[payload.truncate] PASSED [  0%]
tests/test_attacks.py::TestImageAttacks::test_verdict_matches_the_declared_expectation[payload.random_bits] PASSED [  0%]
tests/test_attacks.py::TestImageAttacks::test_verdict_matches_the_declared_expectation[manifest.tamper] PASSED [  0%]
tests/test_attacks.py::TestImageAttacks::test_verdict_matches_the_declared_expectation[image.inside] PASSED [  0%]
tests/test_attacks.py::TestImageAttacks::test_verdict_matches_the_declared_expectation[image.outside] PASSED [  1%]
tests/test_attacks.py::TestImageAttacks::test_verdict_matches_the_declared_expectation[image.blank] PASSED [  1%]
tests/test_attacks.py::TestImageAttacks::test_verdict_matches_the_declared_expectation[image.lossy] PASSED [  1%]
tests/test_attacks.py::TestImageAttacks::test_modifying_outside_the_payload_still_verifies PASSED [  1%]
tests/test_attacks.py::TestImageAttacks::test_modifying_inside_the_payload_breaks_verification PASSED [  1%]
tests/test_attacks.py::TestImageAttacks::test_lossy_recompression_destroys_the_payload PASSED [  1%]
tests/test_attacks.py::TestImageAttacks::test_the_original_is_never_modified PASSED [  1%]
tests/test_attacks.py::TestAudioAttacks::test_verdict_matches_the_declared_expectation[verification.wrong_key] PASSED [  1%]
tests/test_attacks.py::TestAudioAttacks::test_verdict_matches_the_declared_expectation[payload.record] PASSED [  1%]
tests/test_attacks.py::TestAudioAttacks::test_verdict_matches_the_declared_expectation[payload.message] PASSED [  1%]
tests/test_attacks.py::TestAudioAttacks::test_verdict_matches_the_declared_expectation[payload.signature] PASSED [  1%]
tests/test_attacks.py::TestAudioAttacks::test_verdict_matches_the_declared_expectation[payload.magic] PASSED [  1%]
tests/test_attacks.py::TestAudioAttacks::test_verdict_matches_the_declared_expectation[payload.length_header] PASSED [  1%]
tests/test_attacks.py::TestAudioAttacks::test_verdict_matches_the_declared_expectation[payload.truncate] PASSED [  1%]
tests/test_attacks.py::TestAudioAttacks::test_verdict_matches_the_declared_expectation[payload.random_bits] PASSED [  1%]
tests/test_attacks.py::TestAudioAttacks::test_verdict_matches_the_declared_expectation[manifest.tamper] PASSED [  1%]
tests/test_attacks.py::TestAudioAttacks::test_verdict_matches_the_declared_expectation[audio.inside] PASSED [  1%]
tests/test_attacks.py::TestAudioAttacks::test_verdict_matches_the_declared_expectation[audio.outside] PASSED [  1%]
tests/test_attacks.py::TestAudioAttacks::test_verdict_matches_the_declared_expectation[audio.amplitude] PASSED [  2%]
tests/test_attacks.py::TestAudioAttacks::test_verdict_matches_the_declared_expectation[audio.resample] PASSED [  2%]
tests/test_attacks.py::TestAudioAttacks::test_verdict_matches_the_declared_expectation[audio.truncate] PASSED [  2%]
tests/test_attacks.py::TestAudioAttacks::test_modifying_outside_the_payload_still_verifies PASSED [  2%]
tests/test_attacks.py::TestAudioAttacks::test_amplitude_scaling_destroys_the_payload PASSED [  2%]
tests/test_attacks.py::TestAudioAttacks::test_resampling_destroys_the_payload PASSED [  2%]
tests/test_attacks.py::TestAudioAttacks::test_resampling_changes_the_frame_count PASSED [  2%]
tests/test_attacks.py::TestPayloadSectionAttacks::test_each_section_produces_its_specific_verdict[payload.record-SIGNATURE_INVALID] PASSED [  2%]
tests/test_attacks.py::TestPayloadSectionAttacks::test_each_section_produces_its_specific_verdict[payload.message-SIGNATURE_INVALID] PASSED [  2%]
tests/test_attacks.py::TestPayloadSectionAttacks::test_each_section_produces_its_specific_verdict[payload.signature-SIGNATURE_INVALID] PASSED [  2%]
tests/test_attacks.py::TestPayloadSectionAttacks::test_each_section_produces_its_specific_verdict[payload.magic-PAYLOAD_MISSING] PASSED [  2%]
tests/test_attacks.py::TestPayloadSectionAttacks::test_corrupting_the_message_is_a_signature_failure_not_tampering PASSED [  2%]
tests/test_attacks.py::TestPayloadSectionAttacks::test_random_bit_corruption_breaks_verification PASSED [  2%]
tests/test_attacks.py::TestPayloadSectionAttacks::test_an_impossible_bit_error_rate_is_refused PASSED [  2%]
tests/test_attacks.py::TestPayloadSectionAttacks::test_truncation_is_reported_as_missing_or_unverifiable PASSED [  2%]
tests/test_attacks.py::TestResigningAttack::test_it_fails_against_the_genuine_public_key PASSED [  2%]
tests/test_attacks.py::TestResigningAttack::test_it_reaches_tampered_only_against_the_attackers_key PASSED [  2%]
tests/test_attacks.py::TestResigningAttack::test_a_missing_attacker_key_is_reported PASSED [  2%]
tests/test_attacks.py::TestManifestAttacks::test_editing_the_depth_breaks_verification PASSED [  3%]
tests/test_attacks.py::TestManifestAttacks::test_editing_the_media_id_is_caught_by_the_cross_check PASSED [  3%]
tests/test_attacks.py::TestManifestAttacks::test_the_original_manifest_is_untouched PASSED [  3%]
tests/test_attacks.py::TestManifestAttacks::test_the_stego_file_is_untouched_by_a_manifest_attack PASSED [  3%]
tests/test_attacks.py::TestManifestAttacks::test_an_unknown_field_is_reported PASSED [  3%]
tests/test_attacks.py::TestManifestAttacks::test_an_explicit_replacement_value_is_used PASSED [  3%]
tests/test_attacks.py::TestReporting::test_run_summary_is_json_serialisable PASSED [  3%]
tests/test_attacks.py::TestReporting::test_text_summary_shows_before_and_after PASSED [  3%]
tests/test_attacks.py::TestReporting::test_outcome_describes_what_changed PASSED [  3%]
tests/test_attacks.py::TestReporting::test_details_are_copied_not_aliased PASSED [  3%]
tests/test_attacks.py::TestReporting::test_expected_verdicts_are_a_frozenset PASSED [  3%]
tests/test_attacks.py::TestOutputSafety::test_an_occupied_output_is_refused PASSED [  3%]
tests/test_attacks.py::TestOutputSafety::test_a_missing_output_directory_is_refused PASSED [  3%]
tests/test_attacks.py::TestInsideAttacksReachTheSignature::test_image_inside_gives_signature_invalid_at_every_depth[1] PASSED [  3%]
tests/test_attacks.py::TestInsideAttacksReachTheSignature::test_image_inside_gives_signature_invalid_at_every_depth[2] PASSED [  3%]
tests/test_attacks.py::TestInsideAttacksReachTheSignature::test_image_inside_gives_signature_invalid_at_every_depth[3] PASSED [  3%]
tests/test_attacks.py::TestInsideAttacksReachTheSignature::test_image_inside_gives_signature_invalid_at_every_depth[4] PASSED [  3%]
tests/test_attacks.py::TestInsideAttacksReachTheSignature::test_image_inside_gives_signature_invalid_at_every_depth[5] PASSED [  3%]
tests/test_attacks.py::TestInsideAttacksReachTheSignature::test_image_inside_gives_signature_invalid_at_every_depth[6] PASSED [  4%]
tests/test_attacks.py::TestInsideAttacksReachTheSignature::test_image_inside_gives_signature_invalid_at_every_depth[7] PASSED [  4%]
tests/test_attacks.py::TestInsideAttacksReachTheSignature::test_image_inside_gives_signature_invalid_at_every_depth[8] PASSED [  4%]
tests/test_attacks.py::TestInsideAttacksReachTheSignature::test_audio_inside_gives_signature_invalid[1] PASSED [  4%]
tests/test_attacks.py::TestInsideAttacksReachTheSignature::test_audio_inside_gives_signature_invalid[4] PASSED [  4%]
tests/test_attacks.py::TestInsideAttacksReachTheSignature::test_audio_inside_gives_signature_invalid[8] PASSED [  4%]
tests/test_attacks.py::TestInsideAttacksReachTheSignature::test_the_damage_is_at_the_end_of_the_region PASSED [  4%]
tests/test_attacks.py::TestInsideAttacksReachTheSignature::test_with_repetition_coding_the_damage_can_be_repaired PASSED [  4%]
tests/test_attacks.py::TestLengthHeaderAttack::test_it_is_offered_for_every_medium PASSED [  4%]
tests/test_attacks.py::TestLengthHeaderAttack::test_image_gives_payload_missing_with_a_specific_reason[1] PASSED [  4%]
tests/test_attacks.py::TestLengthHeaderAttack::test_image_gives_payload_missing_with_a_specific_reason[3] PASSED [  4%]
tests/test_attacks.py::TestLengthHeaderAttack::test_image_gives_payload_missing_with_a_specific_reason[8] PASSED [  4%]
tests/test_attacks.py::TestLengthHeaderAttack::test_audio_gives_payload_missing PASSED [  4%]
tests/test_attacks.py::TestLengthHeaderAttack::test_only_one_sample_changes PASSED [  4%]
tests/test_attacks.py::test_verification_substitution_preserves_inputs[verification.wrong_key] PASSED [  4%]
tests/test_attacks.py::test_verification_substitution_preserves_inputs[verification.wrong_start] PASSED [  4%]
tests/test_attacks.py::test_wrong_start_refuses_manual_start PASSED      [  4%]
tests/test_attacks.py::test_wrong_key_requires_authentic_baseline PASSED [  4%]
tests/test_attacks.py::test_wrong_start_reports_exhausted_location_search PASSED [  5%]
tests/test_audio_quality.py::TestMetrics::test_identical_audio_has_zero_error_and_unbounded_psnr PASSED [  5%]
tests/test_audio_quality.py::TestMetrics::test_metrics_grow_with_distortion PASSED [  5%]
tests/test_audio_quality.py::TestMetrics::test_changed_sample_count_is_exact PASSED [  5%]
tests/test_audio_quality.py::TestMetrics::test_report_carries_media_properties PASSED [  5%]
tests/test_audio_quality.py::TestValidation::test_differing_sample_rates_are_rejected PASSED [  5%]
tests/test_audio_quality.py::TestValidation::test_differing_shapes_are_rejected PASSED [  5%]
tests/test_audio_quality.py::TestDistortionAgainstDepth::test_distortion_rises_monotonically_with_depth PASSED [  5%]
tests/test_audio_stego.py::TestRoundTrip::test_every_depth_round_trips[1] PASSED [  5%]
tests/test_audio_stego.py::TestRoundTrip::test_every_depth_round_trips[2] PASSED [  5%]
tests/test_audio_stego.py::TestRoundTrip::test_every_depth_round_trips[3] PASSED [  5%]
tests/test_audio_stego.py::TestRoundTrip::test_every_depth_round_trips[4] PASSED [  5%]
tests/test_audio_stego.py::TestRoundTrip::test_every_depth_round_trips[5] PASSED [  5%]
tests/test_audio_stego.py::TestRoundTrip::test_every_depth_round_trips[6] PASSED [  5%]
tests/test_audio_stego.py::TestRoundTrip::test_every_depth_round_trips[7] PASSED [  5%]
tests/test_audio_stego.py::TestRoundTrip::test_every_depth_round_trips[8] PASSED [  5%]
tests/test_audio_stego.py::TestRoundTrip::test_extract_returns_the_embedded_payload PASSED [  5%]
tests/test_audio_stego.py::TestRoundTrip::test_stereo_round_trips PASSED [  5%]
tests/test_audio_stego.py::TestRoundTrip::test_empty_payload_round_trips PASSED [  5%]
tests/test_audio_stego.py::TestRoundTrip::test_bytearray_payload_is_accepted PASSED [  6%]
tests/test_audio_stego.py::TestRoundTrip::test_numpy_integers_are_accepted PASSED [  6%]
tests/test_audio_stego.py::TestRoundTrip::test_payload_at_the_exact_capacity_round_trips PASSED [  6%]
tests/test_audio_stego.py::TestRoundTrip::test_depths_that_do_not_divide_the_header_round_trip[3] PASSED [  6%]
tests/test_audio_stego.py::TestRoundTrip::test_depths_that_do_not_divide_the_header_round_trip[5] PASSED [  6%]
tests/test_audio_stego.py::TestRoundTrip::test_depths_that_do_not_divide_the_header_round_trip[6] PASSED [  6%]
tests/test_audio_stego.py::TestRoundTrip::test_depths_that_do_not_divide_the_header_round_trip[7] PASSED [  6%]
tests/test_audio_stego.py::TestRoundTrip::test_extreme_samples_round_trip PASSED [  6%]
tests/test_audio_stego.py::TestSignedSampleHandling::test_negative_samples_are_reinterpreted_not_converted PASSED [  6%]
tests/test_audio_stego.py::TestSignedSampleHandling::test_the_stream_view_is_unsigned PASSED [  6%]
tests/test_audio_stego.py::TestSignedSampleHandling::test_the_most_negative_sample_survives_a_round_trip PASSED [  6%]
tests/test_audio_stego.py::TestSignedSampleHandling::test_interleaved_channel_order_is_preserved PASSED [  6%]
tests/test_audio_stego.py::TestCoverPreservation::test_bits_above_the_depth_are_unchanged PASSED [  6%]
tests/test_audio_stego.py::TestCoverPreservation::test_samples_outside_the_written_range_are_identical PASSED [  6%]
tests/test_audio_stego.py::TestCoverPreservation::test_per_sample_change_is_bounded_by_the_depth PASSED [  6%]
tests/test_audio_stego.py::TestCoverPreservation::test_the_cover_file_is_left_byte_for_byte_unchanged PASSED [  6%]
tests/test_audio_stego.py::TestCoverPreservation::test_media_properties_are_preserved PASSED [  6%]
tests/test_audio_stego.py::TestCoverPreservation::test_wav_output_preserves_the_file_size PASSED [  6%]
tests/test_audio_stego.py::TestDeterminism::test_repeated_embedding_produces_identical_samples PASSED [  7%]
tests/test_audio_stego.py::TestCapacity::test_capacity_counts_every_channel PASSED [  7%]
tests/test_audio_stego.py::TestCapacity::test_capacity_grows_with_depth PASSED [  7%]
tests/test_audio_stego.py::TestCapacity::test_measuring_does_not_raise_for_an_oversized_payload PASSED [  7%]
tests/test_audio_stego.py::TestCapacity::test_descriptor_reports_the_media_properties PASSED [  7%]
tests/test_audio_stego.py::TestCapacity::test_payload_one_byte_over_capacity_is_refused PASSED [  7%]
tests/test_audio_stego.py::TestCapacity::test_no_output_file_is_left_after_a_capacity_failure PASSED [  7%]
tests/test_audio_stego.py::TestCapacity::test_start_location_reduces_capacity PASSED [  7%]
tests/test_audio_stego.py::TestFileErrors::test_missing_input PASSED     [  7%]
tests/test_audio_stego.py::TestFileErrors::test_input_is_a_directory PASSED [  7%]
tests/test_audio_stego.py::TestFileErrors::test_embedding_in_place_is_refused PASSED [  7%]
tests/test_audio_stego.py::TestFileErrors::test_the_cover_survives_a_refused_in_place_write PASSED [  7%]
tests/test_audio_stego.py::TestFileErrors::test_occupied_output_is_refused PASSED [  7%]
tests/test_audio_stego.py::TestFileErrors::test_overwrite_allows_replacement PASSED [  7%]
tests/test_audio_stego.py::TestFileErrors::test_missing_output_directory PASSED [  7%]
tests/test_audio_stego.py::TestFileErrors::test_no_temporary_files_remain_after_a_successful_embed PASSED [  7%]
tests/test_audio_stego.py::TestDecodeErrors::test_non_audio_content PASSED [  7%]
tests/test_audio_stego.py::TestDecodeErrors::test_float_wav_is_refused_with_a_clear_reason PASSED [  7%]
tests/test_audio_stego.py::TestDecodeErrors::test_eight_bit_wav_is_refused PASSED [  8%]
tests/test_audio_stego.py::TestDecodeErrors::test_error_messages_omit_the_directory PASSED [  8%]
tests/test_audio_stego.py::TestValidationErrors::test_depth_out_of_range[0] PASSED [  8%]
tests/test_audio_stego.py::TestValidationErrors::test_depth_out_of_range[9] PASSED [  8%]
tests/test_audio_stego.py::TestValidationErrors::test_depth_out_of_range[-1] PASSED [  8%]
tests/test_audio_stego.py::TestValidationErrors::test_depth_out_of_range[100] PASSED [  8%]
tests/test_audio_stego.py::TestValidationErrors::test_boolean_depth PASSED [  8%]
tests/test_audio_stego.py::TestValidationErrors::test_negative_start_location PASSED [  8%]
tests/test_audio_stego.py::TestValidationErrors::test_start_location_at_the_sample_count PASSED [  8%]
tests/test_audio_stego.py::TestValidationErrors::test_boolean_start_location PASSED [  8%]
tests/test_audio_stego.py::TestValidationErrors::test_non_bytes_payload PASSED [  8%]
tests/test_audio_stego.py::TestExtractionErrors::test_wrong_depth_does_not_raise_a_bare_exception PASSED [  8%]
tests/test_audio_stego.py::TestExtractionErrors::test_truncated_stream_is_reported PASSED [  8%]
tests/test_audio_stego.py::TestExtractionErrors::test_manifest_length_disagreement_is_reported PASSED [  8%]
tests/test_audio_stego.py::TestExtractionErrors::test_matching_manifest_length_is_accepted PASSED [  8%]
tests/test_audio_stego.py::TestExtractionErrors::test_extraction_messages_do_not_claim_a_cause PASSED [  8%]
tests/test_audio_stego.py::TestExtractionErrors::test_missing_input_for_extraction PASSED [  8%]
tests/test_audio_stego.py::TestRemovedInterface::test_old_embed_name_is_gone PASSED [  8%]
tests/test_audio_stego.py::TestRemovedInterface::test_old_extract_name_is_gone PASSED [  9%]
tests/test_audio_stego.py::TestRemovedInterface::test_the_private_magic_marker_is_gone PASSED [  9%]
tests/test_audio_stego.py::TestRemovedInterface::test_the_passcode_parameter_is_gone PASSED [  9%]
tests/test_audio_stego.py::TestRemovedInterface::test_the_layer_imports_nothing_from_the_crypto_package PASSED [  9%]
tests/test_audio_stego.py::TestRemovedInterface::test_the_shared_bit_helpers_are_actually_used PASSED [  9%]
tests/test_audio_stego.py::TestRemovedInterface::test_no_private_bit_conversion_helpers_remain PASSED [  9%]
tests/test_audio_stego.py::TestCrossMediaParity::test_the_agreed_positional_signature_works_for_both PASSED [  9%]
tests/test_audio_stego.py::TestCrossMediaParity::test_the_shared_stream_has_a_32_bit_length_header PASSED [  9%]
tests/test_audio_stego.py::TestCrossMediaParity::test_both_layers_report_a_capacity_report PASSED [  9%]
tests/test_audio_stego.py::TestCrossMediaParity::test_one_handler_catches_errors_from_both_layers PASSED [  9%]
tests/test_audio_stego.py::TestCrossMediaParity::test_identical_payloads_produce_identical_low_bits[1] PASSED [  9%]
tests/test_audio_stego.py::TestCrossMediaParity::test_identical_payloads_produce_identical_low_bits[2] PASSED [  9%]
tests/test_audio_stego.py::TestCrossMediaParity::test_identical_payloads_produce_identical_low_bits[3] PASSED [  9%]
tests/test_audio_stego.py::TestCrossMediaParity::test_identical_payloads_produce_identical_low_bits[4] PASSED [  9%]
tests/test_audio_stego.py::TestCrossMediaParity::test_identical_payloads_produce_identical_low_bits[5] PASSED [  9%]
tests/test_audio_stego.py::TestCrossMediaParity::test_identical_payloads_produce_identical_low_bits[6] PASSED [  9%]
tests/test_audio_stego.py::TestCrossMediaParity::test_identical_payloads_produce_identical_low_bits[7] PASSED [  9%]
tests/test_audio_stego.py::TestCrossMediaParity::test_identical_payloads_produce_identical_low_bits[8] PASSED [  9%]
tests/test_audio_stego.py::TestCrossMediaParity::test_both_layers_expose_the_same_result_fields PASSED [ 10%]
tests/test_bit_utils.py::TestBitOrdering::test_high_bit_comes_first PASSED [ 10%]
tests/test_bit_utils.py::TestBitOrdering::test_low_bit_comes_last PASSED [ 10%]
tests/test_bit_utils.py::TestBitOrdering::test_bit_count_is_eight_per_byte PASSED [ 10%]
tests/test_bit_utils.py::TestBitOrdering::test_empty_input_gives_empty_output PASSED [ 10%]
tests/test_bit_utils.py::TestBitOrdering::test_elements_are_only_zero_or_one PASSED [ 10%]
tests/test_bit_utils.py::TestByteBitRoundTrip::test_round_trip PASSED    [ 10%]
tests/test_bit_utils.py::TestByteBitRoundTrip::test_non_multiple_of_eight_is_rejected PASSED [ 10%]
tests/test_bit_utils.py::TestByteBitRoundTrip::test_rejects_oversized_input PASSED [ 10%]
tests/test_bit_utils.py::TestByteBitRoundTrip::test_rejects_wrong_type PASSED [ 10%]
tests/test_bit_utils.py::TestGroupPacking::test_round_trip_ignoring_padding PASSED [ 10%]
tests/test_bit_utils.py::TestGroupPacking::test_group_count_is_ceiling PASSED [ 10%]
tests/test_bit_utils.py::TestGroupPacking::test_group_values_fit_the_depth PASSED [ 10%]
tests/test_bit_utils.py::TestGroupPacking::test_padding_uses_zero_bits PASSED [ 10%]
tests/test_bit_utils.py::TestGroupPacking::test_depth_one_maps_bits_to_groups_directly PASSED [ 10%]
tests/test_bit_utils.py::TestGroupPacking::test_depth_eight_maps_bytes_to_groups_directly PASSED [ 10%]
tests/test_bit_utils.py::TestLowBitWriteRead::test_eight_bit_round_trip_and_preservation PASSED [ 10%]
tests/test_bit_utils.py::TestLowBitWriteRead::test_sixteen_bit_round_trip_and_preservation PASSED [ 10%]
tests/test_bit_utils.py::TestLowBitWriteRead::test_depth_eight_on_eight_bit_sample_overwrites_completely PASSED [ 10%]
tests/test_bit_utils.py::TestLowBitWriteRead::test_depth_eight_on_sixteen_bit_sample_keeps_high_byte PASSED [ 11%]
tests/test_bit_utils.py::TestLowBitWriteRead::test_inputs_are_not_modified PASSED [ 11%]
tests/test_bit_utils.py::TestLowBitWriteRead::test_shape_mismatch_is_rejected PASSED [ 11%]
tests/test_bit_utils.py::TestValidation::test_out_of_range_depth[0] PASSED [ 11%]
tests/test_bit_utils.py::TestValidation::test_out_of_range_depth[9] PASSED [ 11%]
tests/test_bit_utils.py::TestValidation::test_out_of_range_depth[-1] PASSED [ 11%]
tests/test_bit_utils.py::TestValidation::test_out_of_range_depth[100] PASSED [ 11%]
tests/test_bit_utils.py::TestValidation::test_non_integer_depth[True] PASSED [ 11%]
tests/test_bit_utils.py::TestValidation::test_non_integer_depth[False] PASSED [ 11%]
tests/test_bit_utils.py::TestValidation::test_non_integer_depth[1.0] PASSED [ 11%]
tests/test_bit_utils.py::TestValidation::test_non_integer_depth[1] PASSED [ 11%]
tests/test_bit_utils.py::TestValidation::test_non_integer_depth[None] PASSED [ 11%]
tests/test_bit_utils.py::TestValidation::test_unsupported_sample_width[7] PASSED [ 11%]
tests/test_bit_utils.py::TestValidation::test_unsupported_sample_width[9] PASSED [ 11%]
tests/test_bit_utils.py::TestValidation::test_unsupported_sample_width[24] PASSED [ 11%]
tests/test_bit_utils.py::TestValidation::test_unsupported_sample_width[32] PASSED [ 11%]
tests/test_bit_utils.py::TestValidation::test_unsupported_sample_width[0] PASSED [ 11%]
tests/test_bit_utils.py::TestValidation::test_unsupported_sample_width[-8] PASSED [ 11%]
tests/test_bit_utils.py::TestValidation::test_supported_sample_widths[8] PASSED [ 12%]
tests/test_bit_utils.py::TestValidation::test_supported_sample_widths[16] PASSED [ 12%]
tests/test_bit_utils.py::TestPerformanceBudget::test_large_sequence_within_budget PASSED [ 12%]
tests/test_capacity.py::TestEmbeddableChannelCount::test_supported_counts[1-1] PASSED [ 12%]
tests/test_capacity.py::TestEmbeddableChannelCount::test_supported_counts[3-3] PASSED [ 12%]
tests/test_capacity.py::TestEmbeddableChannelCount::test_supported_counts[4-3] PASSED [ 12%]
tests/test_capacity.py::TestEmbeddableChannelCount::test_unsupported_counts[0] PASSED [ 12%]
tests/test_capacity.py::TestEmbeddableChannelCount::test_unsupported_counts[2] PASSED [ 12%]
tests/test_capacity.py::TestEmbeddableChannelCount::test_unsupported_counts[5] PASSED [ 12%]
tests/test_capacity.py::TestEmbeddableChannelCount::test_unsupported_counts[6] PASSED [ 12%]
tests/test_capacity.py::TestCapacityFormula::test_worked_example PASSED  [ 12%]
tests/test_capacity.py::TestCapacityFormula::test_rgba_matches_rgb PASSED [ 12%]
tests/test_capacity.py::TestCapacityFormula::test_grayscale_uses_one_channel PASSED [ 12%]
tests/test_capacity.py::TestCapacityFormula::test_capacity_never_exceeds_the_bit_budget PASSED [ 12%]
tests/test_capacity.py::TestCapacityFormula::test_start_location_reduces_capacity PASSED [ 12%]
tests/test_capacity.py::TestMonotonicity::test_capacity_is_non_decreasing_in_depth PASSED [ 12%]
tests/test_capacity.py::TestMonotonicity::test_equal_capacity_between_adjacent_depths_is_possible PASSED [ 12%]
tests/test_capacity.py::TestPayloadLengthAccounting::test_max_payload_subtracts_the_header PASSED [ 12%]
tests/test_capacity.py::TestPayloadLengthAccounting::test_max_payload_is_never_negative PASSED [ 13%]
tests/test_capacity.py::TestPayloadLengthAccounting::test_tiny_images_report_no_room_without_raising[0] PASSED [ 13%]
tests/test_capacity.py::TestPayloadLengthAccounting::test_tiny_images_report_no_room_without_raising[1] PASSED [ 13%]
tests/test_capacity.py::TestPayloadLengthAccounting::test_tiny_images_report_no_room_without_raising[8] PASSED [ 13%]
tests/test_capacity.py::TestPayloadLengthAccounting::test_tiny_images_report_no_room_without_raising[24] PASSED [ 13%]
tests/test_capacity.py::TestPayloadLengthAccounting::test_tiny_images_report_no_room_without_raising[31] PASSED [ 13%]
tests/test_capacity.py::TestPayloadLengthAccounting::test_capacity_used_percent_is_none_below_the_header_size PASSED [ 13%]
tests/test_capacity.py::TestPayloadLengthAccounting::test_capacity_used_percent_is_reported_and_uncapped PASSED [ 13%]
tests/test_capacity.py::TestPayloadLengthAccounting::test_exact_fit_reports_one_hundred_percent PASSED [ 13%]
tests/test_capacity.py::TestPayloadFits::test_payload_below_capacity_fits PASSED [ 13%]
tests/test_capacity.py::TestPayloadFits::test_payload_exactly_at_capacity_fits PASSED [ 13%]
tests/test_capacity.py::TestPayloadFits::test_payload_one_byte_over_capacity_does_not_fit PASSED [ 13%]
tests/test_capacity.py::TestPayloadFits::test_grossly_oversized_payload_does_not_fit PASSED [ 13%]
tests/test_capacity.py::TestPayloadFits::test_zero_length_payload_fits_whenever_the_header_fits PASSED [ 13%]
tests/test_capacity.py::TestPayloadFits::test_zero_length_payload_does_not_fit_without_room_for_the_header PASSED [ 13%]
tests/test_capacity.py::TestPayloadFits::test_without_a_payload_length_the_flag_describes_the_medium PASSED [ 13%]
tests/test_capacity.py::TestPayloadFits::test_flag_always_agrees_with_the_reported_maximum PASSED [ 13%]
tests/test_capacity.py::TestPayloadFits::test_start_location_reduces_what_fits PASSED [ 13%]
tests/test_capacity.py::TestPositionCounts::test_required_position_count[4-1-32] PASSED [ 14%]
tests/test_capacity.py::TestPositionCounts::test_required_position_count[4-3-11] PASSED [ 14%]
tests/test_capacity.py::TestPositionCounts::test_required_position_count[4-8-4] PASSED [ 14%]
tests/test_capacity.py::TestPositionCounts::test_required_position_count[5-3-14] PASSED [ 14%]
tests/test_capacity.py::TestPositionCounts::test_required_position_count[0-4-0] PASSED [ 14%]
tests/test_capacity.py::TestPositionCounts::test_required_position_count_is_a_ceiling PASSED [ 14%]
tests/test_capacity.py::TestPositionCounts::test_highest_valid_start_location PASSED [ 14%]
tests/test_capacity.py::TestPositionCounts::test_highest_start_location_is_consistent_with_capacity PASSED [ 14%]
tests/test_capacity.py::TestPositionCounts::test_empty_range_is_reported_not_raised PASSED [ 14%]
tests/test_capacity.py::TestCheckEquivalence::test_byte_and_position_checks_agree PASSED [ 14%]
tests/test_capacity.py::TestMediaIndependence::test_accepts_a_plain_sample_count PASSED [ 14%]
tests/test_capacity.py::TestMediaIndependence::test_rejects_non_integer_sample_counts[100] PASSED [ 14%]
tests/test_capacity.py::TestMediaIndependence::test_rejects_non_integer_sample_counts[1.5] PASSED [ 14%]
tests/test_capacity.py::TestMediaIndependence::test_rejects_non_integer_sample_counts[None] PASSED [ 14%]
tests/test_capacity.py::TestMediaIndependence::test_rejects_non_integer_sample_counts[True] PASSED [ 14%]
tests/test_capacity.py::TestMediaIndependence::test_rejects_negative_sample_counts PASSED [ 14%]
tests/test_challenge_evaluation.py::test_challenge_evaluation PASSED     [ 14%]
tests/test_crypto.py::test_module_imports[app.crypto.encryption] PASSED  [ 14%]
tests/test_crypto.py::test_module_imports[app.crypto.envelope] PASSED    [ 15%]
tests/test_crypto.py::test_module_imports[app.crypto.errors] PASSED      [ 15%]
tests/test_crypto.py::test_module_imports[app.crypto.hashing] PASSED     [ 15%]
tests/test_crypto.py::test_module_imports[app.crypto.key_manager] PASSED [ 15%]
tests/test_crypto.py::test_module_imports[app.crypto.manifest] PASSED    [ 15%]
tests/test_crypto.py::test_module_imports[app.crypto.payload] PASSED     [ 15%]
tests/test_crypto.py::test_module_imports[app.crypto.signatures] PASSED  [ 15%]
tests/test_crypto.py::test_module_imports[app.crypto.start_location] PASSED [ 15%]
tests/test_crypto.py::TestHashing::test_known_digest PASSED              [ 15%]
tests/test_crypto.py::TestHashing::test_digest_length PASSED             [ 15%]
tests/test_crypto.py::TestHashing::test_non_bytes_rejected PASSED        [ 15%]
tests/test_crypto.py::TestHashing::test_empty_file_matches_the_known_constant PASSED [ 15%]
tests/test_crypto.py::TestHashing::test_file_and_bytes_digests_agree PASSED [ 15%]
tests/test_crypto.py::TestHashing::test_chunking_does_not_change_the_digest PASSED [ 15%]
tests/test_crypto.py::TestHashing::test_hashes_equal_is_case_insensitive_for_hex PASSED [ 15%]
tests/test_crypto.py::TestHashing::test_hashes_equal_rejects_mixed_forms PASSED [ 15%]
tests/test_crypto.py::TestHashing::test_hashes_equal_detects_difference PASSED [ 15%]
tests/test_e2e.py::TestTransferMechanics::test_the_receiver_gets_exactly_three_files PASSED [ 15%]
tests/test_e2e.py::TestTransferMechanics::test_the_private_key_never_leaves_the_sender PASSED [ 15%]
tests/test_e2e.py::TestTransferMechanics::test_neither_secret_appears_in_any_transferred_file PASSED [ 16%]
tests/test_e2e.py::TestTransferMechanics::test_the_protect_result_lists_what_still_has_to_be_shared PASSED [ 16%]
tests/test_e2e.py::TestTransferMechanics::test_the_receiver_can_verify_from_its_own_directory PASSED [ 16%]
tests/test_e2e.py::TestTransferMechanics::test_the_manifest_is_required PASSED [ 16%]
tests/test_e2e.py::TestTransferMechanics::test_the_sender_cover_is_untouched PASSED [ 16%]
tests/test_e2e.py::TestPositiveCases::test_png_at_three_message_sizes[short] PASSED [ 16%]
tests/test_e2e.py::TestPositiveCases::test_png_at_three_message_sizes[long] PASSED [ 16%]
tests/test_e2e.py::TestPositiveCases::test_png_at_three_message_sizes[custom] PASSED [ 16%]
tests/test_e2e.py::TestPositiveCases::test_wav_at_three_message_sizes[short] PASSED [ 16%]
tests/test_e2e.py::TestPositiveCases::test_wav_at_three_message_sizes[long] PASSED [ 16%]
tests/test_e2e.py::TestPositiveCases::test_wav_at_three_message_sizes[custom] PASSED [ 16%]
tests/test_e2e.py::TestPositiveCases::test_encrypted_custom_payload PASSED [ 16%]
tests/test_e2e.py::TestPositiveCases::test_bmp_with_a_manual_start_location PASSED [ 16%]
tests/test_e2e.py::TestPositiveCases::test_video_protected_and_verified PASSED [ 16%]
tests/test_e2e.py::TestPositiveCases::test_every_selectable_depth_survives_a_transfer[1] PASSED [ 16%]
tests/test_e2e.py::TestPositiveCases::test_every_selectable_depth_survives_a_transfer[2] PASSED [ 16%]
tests/test_e2e.py::TestPositiveCases::test_every_selectable_depth_survives_a_transfer[3] PASSED [ 16%]
tests/test_e2e.py::TestPositiveCases::test_every_selectable_depth_survives_a_transfer[4] PASSED [ 16%]
tests/test_e2e.py::TestPositiveCases::test_every_selectable_depth_survives_a_transfer[5] PASSED [ 17%]
tests/test_e2e.py::TestPositiveCases::test_every_selectable_depth_survives_a_transfer[6] PASSED [ 17%]
tests/test_e2e.py::TestPositiveCases::test_every_selectable_depth_survives_a_transfer[7] PASSED [ 17%]
tests/test_e2e.py::TestPositiveCases::test_every_selectable_depth_survives_a_transfer[8] PASSED [ 17%]
tests/test_e2e.py::TestNegativeCases::test_corrupted_message_in_an_image PASSED [ 17%]
tests/test_e2e.py::TestNegativeCases::test_corrupted_record_in_audio PASSED [ 17%]
tests/test_e2e.py::TestNegativeCases::test_corrupted_signature_in_audio PASSED [ 17%]
tests/test_e2e.py::TestNegativeCases::test_wrong_public_key PASSED       [ 17%]
tests/test_e2e.py::TestNegativeCases::test_wrong_start_secret PASSED     [ 17%]
tests/test_e2e.py::TestNegativeCases::test_missing_payload PASSED        [ 17%]
tests/test_e2e.py::TestNegativeCases::test_tampered_manifest_caught_by_the_cross_check PASSED [ 17%]
tests/test_e2e.py::TestNegativeCases::test_tampered_manifest_that_breaks_extraction PASSED [ 17%]
tests/test_e2e.py::TestNegativeCases::test_a_lossy_re_encode_of_a_video_destroys_the_payload PASSED [ 17%]
tests/test_e2e.py::TestNegativeCases::test_wrong_passphrase_on_an_encrypted_message PASSED [ 17%]
tests/test_e2e.py::TestInputValidation::test_insufficient_capacity_is_refused_before_anything_is_written PASSED [ 17%]
tests/test_e2e.py::TestInputValidation::test_a_greater_depth_makes_the_same_message_fit PASSED [ 17%]
tests/test_e2e.py::TestDemonstrationOutputs::test_media_comparison_is_available_for_the_demo PASSED [ 17%]
tests/test_e2e.py::TestDemonstrationOutputs::test_quality_degrades_as_depth_rises PASSED [ 17%]
tests/test_e2e.py::TestDemonstrationOutputs::test_the_verdict_summary_is_loggable_without_leaking_the_message PASSED [ 18%]
tests/test_e2e.py::TestDemonstrationOutputs::test_the_manifest_is_readable_by_a_person PASSED [ 18%]
tests/test_encryption.py::TestSaltAndParameters::test_generated_salt_has_the_configured_length PASSED [ 18%]
tests/test_encryption.py::TestSaltAndParameters::test_generated_salts_differ PASSED [ 18%]
tests/test_encryption.py::TestSaltAndParameters::test_new_parameters_records_the_algorithms PASSED [ 18%]
tests/test_encryption.py::TestSaltAndParameters::test_new_parameters_generates_a_salt_when_none_is_given PASSED [ 18%]
tests/test_encryption.py::TestSaltAndParameters::test_salt_is_recorded_as_hex PASSED [ 18%]
tests/test_encryption.py::TestSaltAndParameters::test_production_defaults_are_used_when_unspecified PASSED [ 18%]
tests/test_encryption.py::TestSaltAndParameters::test_parameters_round_trip_through_the_record_form PASSED [ 18%]
tests/test_encryption.py::TestKeyDerivation::test_key_is_thirty_two_bytes PASSED [ 18%]
tests/test_encryption.py::TestKeyDerivation::test_derivation_is_deterministic PASSED [ 18%]
tests/test_encryption.py::TestKeyDerivation::test_different_passphrase_gives_a_different_key PASSED [ 18%]
tests/test_encryption.py::TestKeyDerivation::test_different_salt_gives_a_different_key PASSED [ 18%]
tests/test_encryption.py::TestKeyDerivation::test_str_and_bytes_passphrases_agree_for_ascii PASSED [ 18%]
tests/test_encryption.py::TestKeyDerivation::test_non_ascii_passphrase_is_utf8_encoded PASSED [ 18%]
tests/test_encryption.py::TestKeyDerivationValidation::test_empty_passphrase_is_refused PASSED [ 18%]
tests/test_encryption.py::TestKeyDerivationValidation::test_empty_byte_passphrase_is_refused PASSED [ 18%]
tests/test_encryption.py::TestKeyDerivationValidation::test_non_string_passphrase_is_refused PASSED [ 18%]
tests/test_encryption.py::TestKeyDerivationValidation::test_short_salt_is_refused PASSED [ 19%]
tests/test_encryption.py::TestKeyDerivationValidation::test_non_bytes_salt_is_refused PASSED [ 19%]
tests/test_encryption.py::TestKeyDerivationValidation::test_non_power_of_two_cost_is_refused_with_a_clear_message PASSED [ 19%]
tests/test_encryption.py::TestKeyDerivationValidation::test_cost_below_the_floor_is_refused PASSED [ 19%]
tests/test_encryption.py::TestKeyDerivationValidation::test_non_positive_cost_is_refused[n] PASSED [ 19%]
tests/test_encryption.py::TestKeyDerivationValidation::test_non_positive_cost_is_refused[r] PASSED [ 19%]
tests/test_encryption.py::TestKeyDerivationValidation::test_non_positive_cost_is_refused[p] PASSED [ 19%]
tests/test_encryption.py::TestKeyDerivationValidation::test_boolean_cost_is_refused[n] PASSED [ 19%]
tests/test_encryption.py::TestKeyDerivationValidation::test_boolean_cost_is_refused[r] PASSED [ 19%]
tests/test_encryption.py::TestKeyDerivationValidation::test_boolean_cost_is_refused[p] PASSED [ 19%]
tests/test_encryption.py::TestRoundTrip::test_message_round_trips PASSED [ 19%]
tests/test_encryption.py::TestRoundTrip::test_empty_message_round_trips PASSED [ 19%]
tests/test_encryption.py::TestRoundTrip::test_large_message_round_trips PASSED [ 19%]
tests/test_encryption.py::TestRoundTrip::test_bytearray_input_is_accepted PASSED [ 19%]
tests/test_encryption.py::TestRoundTrip::test_blob_layout_is_nonce_ciphertext_tag PASSED [ 19%]
tests/test_encryption.py::TestRoundTrip::test_ciphertext_does_not_contain_the_plaintext PASSED [ 19%]
tests/test_encryption.py::TestRoundTrip::test_encrypting_twice_gives_different_blobs PASSED [ 19%]
tests/test_encryption.py::TestRoundTrip::test_both_blobs_still_decrypt PASSED [ 19%]
tests/test_encryption.py::TestRoundTrip::test_salt_can_be_supplied_directly PASSED [ 20%]
tests/test_encryption.py::TestDecryptionFailures::test_wrong_passphrase_fails PASSED [ 20%]
tests/test_encryption.py::TestDecryptionFailures::test_failure_message_does_not_claim_a_single_cause PASSED [ 20%]
tests/test_encryption.py::TestDecryptionFailures::test_modified_ciphertext_fails PASSED [ 20%]
tests/test_encryption.py::TestDecryptionFailures::test_modified_nonce_fails PASSED [ 20%]
tests/test_encryption.py::TestDecryptionFailures::test_modified_tag_fails PASSED [ 20%]
tests/test_encryption.py::TestDecryptionFailures::test_truncated_blob_fails PASSED [ 20%]
tests/test_encryption.py::TestDecryptionFailures::test_blob_shorter_than_the_overhead_is_reported_clearly PASSED [ 20%]
tests/test_encryption.py::TestDecryptionFailures::test_empty_blob_is_reported_clearly PASSED [ 20%]
tests/test_encryption.py::TestDecryptionFailures::test_wrong_salt_fails PASSED [ 20%]
tests/test_encryption.py::TestDecryptionFailures::test_wrong_cost_parameters_fail PASSED [ 20%]
tests/test_encryption.py::TestDecryptionFailures::test_non_bytes_blob_is_refused PASSED [ 20%]
tests/test_encryption.py::TestDecryptionFailures::test_non_parameter_object_is_refused PASSED [ 20%]
tests/test_encryption.py::TestDecryptionFailures::test_unsupported_cipher_is_refused PASSED [ 20%]
tests/test_encryption.py::TestDecryptionFailures::test_unsupported_kdf_is_refused PASSED [ 20%]
tests/test_encryption.py::TestDecryptionFailures::test_non_hex_recorded_salt_is_refused PASSED [ 20%]
tests/test_encryption.py::TestEncryptionInputValidation::test_non_bytes_plaintext_is_refused PASSED [ 20%]
tests/test_encryption.py::TestEncryptionInputValidation::test_empty_passphrase_is_refused PASSED [ 20%]
tests/test_encryption.py::TestEncryptThenSign::test_signature_verifies_before_decryption_is_attempted PASSED [ 20%]
tests/test_encryption.py::TestEncryptThenSign::test_wrong_signing_key_is_a_signature_failure_not_a_cipher_failure PASSED [ 21%]
tests/test_encryption.py::TestEncryptThenSign::test_signature_covers_the_ciphertext PASSED [ 21%]
tests/test_envelope.py::TestCanonicalJson::test_key_order_does_not_affect_the_bytes PASSED [ 21%]
tests/test_envelope.py::TestCanonicalJson::test_nested_key_order_does_not_affect_the_bytes PASSED [ 21%]
tests/test_envelope.py::TestCanonicalJson::test_output_is_compact PASSED [ 21%]
tests/test_envelope.py::TestCanonicalJson::test_output_is_pure_ascii PASSED [ 21%]
tests/test_envelope.py::TestCanonicalJson::test_round_trip_reproduces_the_bytes PASSED [ 21%]
tests/test_envelope.py::TestCanonicalJson::test_floats_are_rejected PASSED [ 21%]
tests/test_envelope.py::TestCanonicalJson::test_nested_floats_are_rejected PASSED [ 21%]
tests/test_envelope.py::TestCanonicalJson::test_non_string_keys_are_rejected PASSED [ 21%]
tests/test_envelope.py::TestCanonicalJson::test_unsupported_types_are_rejected PASSED [ 21%]
tests/test_envelope.py::TestCanonicalJson::test_non_mapping_is_rejected PASSED [ 21%]
tests/test_envelope.py::TestCanonicalJson::test_serialisation_is_stable_across_reparsing PASSED [ 21%]
tests/test_envelope.py::TestTimestamp::test_has_an_explicit_offset_and_no_microseconds PASSED [ 21%]
tests/test_envelope.py::TestRecordRoundTrip::test_minimal_record_round_trips PASSED [ 21%]
tests/test_envelope.py::TestRecordRoundTrip::test_record_with_every_option_round_trips PASSED [ 21%]
tests/test_envelope.py::TestRecordRoundTrip::test_serialisation_is_deterministic PASSED [ 21%]
tests/test_envelope.py::TestRecordRoundTrip::test_metadata_key_order_does_not_change_the_bytes PASSED [ 21%]
tests/test_envelope.py::TestRecordRoundTrip::test_dictionary_carries_the_expected_field_names PASSED [ 22%]
tests/test_envelope.py::TestRecordRoundTrip::test_start_location_is_present_but_null_for_derived_mode PASSED [ 22%]
tests/test_envelope.py::TestRecordRoundTrip::test_metadata_is_copied_not_aliased PASSED [ 22%]
tests/test_envelope.py::TestRecordFlags::test_no_options_means_no_flags PASSED [ 22%]
tests/test_envelope.py::TestRecordFlags::test_encryption_sets_the_encrypted_flag PASSED [ 22%]
tests/test_envelope.py::TestRecordFlags::test_error_correction_sets_the_ecc_flag PASSED [ 22%]
tests/test_envelope.py::TestRecordFlags::test_the_none_scheme_does_not_set_the_ecc_flag PASSED [ 22%]
tests/test_envelope.py::TestRecordValidation::test_missing_field_is_named PASSED [ 22%]
tests/test_envelope.py::TestRecordValidation::test_missing_start_location_key_is_rejected PASSED [ 22%]
tests/test_envelope.py::TestRecordValidation::test_unsupported_version PASSED [ 22%]
tests/test_envelope.py::TestRecordValidation::test_unknown_media_type PASSED [ 22%]
tests/test_envelope.py::TestRecordValidation::test_unknown_start_method PASSED [ 22%]
tests/test_envelope.py::TestRecordValidation::test_lsb_depth_out_of_range[0] PASSED [ 22%]
tests/test_envelope.py::TestRecordValidation::test_lsb_depth_out_of_range[9] PASSED [ 22%]
tests/test_envelope.py::TestRecordValidation::test_lsb_depth_out_of_range[-1] PASSED [ 22%]
tests/test_envelope.py::TestRecordValidation::test_lsb_depth_out_of_range[100] PASSED [ 22%]
tests/test_envelope.py::TestRecordValidation::test_every_valid_depth_is_accepted[1] PASSED [ 22%]
tests/test_envelope.py::TestRecordValidation::test_every_valid_depth_is_accepted[2] PASSED [ 22%]
tests/test_envelope.py::TestRecordValidation::test_every_valid_depth_is_accepted[3] PASSED [ 23%]
tests/test_envelope.py::TestRecordValidation::test_every_valid_depth_is_accepted[4] PASSED [ 23%]
tests/test_envelope.py::TestRecordValidation::test_every_valid_depth_is_accepted[5] PASSED [ 23%]
tests/test_envelope.py::TestRecordValidation::test_every_valid_depth_is_accepted[6] PASSED [ 23%]
tests/test_envelope.py::TestRecordValidation::test_every_valid_depth_is_accepted[7] PASSED [ 23%]
tests/test_envelope.py::TestRecordValidation::test_every_valid_depth_is_accepted[8] PASSED [ 23%]
tests/test_envelope.py::TestRecordValidation::test_boolean_is_not_an_integer PASSED [ 23%]
tests/test_envelope.py::TestRecordValidation::test_negative_message_length PASSED [ 23%]
tests/test_envelope.py::TestRecordValidation::test_zero_message_length_is_allowed PASSED [ 23%]
tests/test_envelope.py::TestRecordValidation::test_negative_start_location PASSED [ 23%]
tests/test_envelope.py::TestRecordValidation::test_non_integer_start_location PASSED [ 23%]
tests/test_envelope.py::TestRecordValidation::test_wrong_length_message_hash PASSED [ 23%]
tests/test_envelope.py::TestRecordValidation::test_non_hex_message_hash PASSED [ 23%]
tests/test_envelope.py::TestRecordValidation::test_non_hex_nonce PASSED  [ 23%]
tests/test_envelope.py::TestRecordValidation::test_odd_length_nonce PASSED [ 23%]
tests/test_envelope.py::TestRecordValidation::test_metadata_must_be_an_object PASSED [ 23%]
tests/test_envelope.py::TestRecordValidation::test_encryption_must_be_an_object_or_null PASSED [ 23%]
tests/test_envelope.py::TestRecordValidation::test_ecc_must_be_an_object_or_null PASSED [ 23%]
tests/test_envelope.py::TestRecordValidation::test_non_mapping_record PASSED [ 24%]
tests/test_envelope.py::TestEncryptionParameterValidation::test_valid_parameters_are_accepted PASSED [ 24%]
tests/test_envelope.py::TestEncryptionParameterValidation::test_unknown_cipher_is_rejected PASSED [ 24%]
tests/test_envelope.py::TestEncryptionParameterValidation::test_unknown_kdf_is_rejected PASSED [ 24%]
tests/test_envelope.py::TestEncryptionParameterValidation::test_non_hex_salt_is_rejected PASSED [ 24%]
tests/test_envelope.py::TestEncryptionParameterValidation::test_non_positive_cost_parameters_are_rejected[n] PASSED [ 24%]
tests/test_envelope.py::TestEncryptionParameterValidation::test_non_positive_cost_parameters_are_rejected[r] PASSED [ 24%]
tests/test_envelope.py::TestEncryptionParameterValidation::test_non_positive_cost_parameters_are_rejected[p] PASSED [ 24%]
tests/test_envelope.py::TestEncryptionParameterValidation::test_missing_field_is_rejected PASSED [ 24%]
tests/test_envelope.py::TestErrorCorrectionParameterValidation::test_valid_parameters_are_accepted PASSED [ 24%]
tests/test_envelope.py::TestErrorCorrectionParameterValidation::test_unknown_scheme_is_rejected PASSED [ 24%]
tests/test_envelope.py::TestErrorCorrectionParameterValidation::test_even_repetition_factor_is_rejected PASSED [ 24%]
tests/test_envelope.py::TestErrorCorrectionParameterValidation::test_every_offered_factor_is_accepted[3] PASSED [ 24%]
tests/test_envelope.py::TestErrorCorrectionParameterValidation::test_every_offered_factor_is_accepted[5] PASSED [ 24%]
tests/test_envelope.py::TestErrorCorrectionParameterValidation::test_every_offered_factor_is_accepted[7] PASSED [ 24%]
tests/test_envelope.py::TestErrorCorrectionParameterValidation::test_every_offered_factor_is_accepted[9] PASSED [ 24%]
tests/test_envelope.py::TestErrorCorrectionParameterValidation::test_zero_factor_is_rejected PASSED [ 24%]
tests/test_envelope.py::TestRecordDecoding::test_invalid_utf8 PASSED     [ 24%]
tests/test_envelope.py::TestRecordDecoding::test_invalid_json PASSED     [ 25%]
tests/test_envelope.py::TestRecordDecoding::test_json_array_is_not_a_record PASSED [ 25%]
tests/test_envelope.py::TestRecordDecoding::test_json_scalar_is_not_a_record PASSED [ 25%]
tests/test_envelope.py::TestEnvelopeLayout::test_header_sizes PASSED     [ 25%]
tests/test_envelope.py::TestEnvelopeLayout::test_signature_covers_everything_before_the_signature_length PASSED [ 25%]
tests/test_envelope.py::TestEnvelopeLayout::test_signed_region_includes_the_magic_version_and_flags PASSED [ 25%]
tests/test_envelope.py::TestEnvelopeLayout::test_flipping_a_flag_changes_the_signed_bytes PASSED [ 25%]
tests/test_envelope.py::TestEnvelopeLayout::test_length_helper_matches_the_built_envelope PASSED [ 25%]
tests/test_envelope.py::TestEnvelopeLayout::test_length_helper_rejects_negative_values PASSED [ 25%]
tests/test_envelope.py::TestEnvelopeLayout::test_empty_sections_produce_the_minimum_envelope PASSED [ 25%]
tests/test_envelope.py::TestEnvelopeRoundTrip::test_parse_recovers_every_section PASSED [ 25%]
tests/test_envelope.py::TestEnvelopeRoundTrip::test_signed_region_is_reproducible_from_the_parsed_sections PASSED [ 25%]
tests/test_envelope.py::TestEnvelopeRoundTrip::test_flags_survive_the_round_trip[0] PASSED [ 25%]
tests/test_envelope.py::TestEnvelopeRoundTrip::test_flags_survive_the_round_trip[1] PASSED [ 25%]
tests/test_envelope.py::TestEnvelopeRoundTrip::test_flags_survive_the_round_trip[2] PASSED [ 25%]
tests/test_envelope.py::TestEnvelopeRoundTrip::test_flags_survive_the_round_trip[3] PASSED [ 25%]
tests/test_envelope.py::TestEnvelopeRoundTrip::test_empty_message_round_trips PASSED [ 25%]
tests/test_envelope.py::TestEnvelopeRoundTrip::test_total_length_is_reported PASSED [ 25%]
tests/test_envelope.py::TestEnvelopeRoundTrip::test_arbitrary_message_and_signature_bytes_round_trip PASSED [ 25%]
tests/test_envelope.py::TestEnvelopeRoundTrip::test_bytearray_input_is_accepted PASSED [ 26%]
tests/test_envelope.py::TestEnvelopeRejections::test_wrong_magic_reports_no_envelope_found PASSED [ 26%]
tests/test_envelope.py::TestEnvelopeRejections::test_random_bytes_report_no_envelope_found PASSED [ 26%]
tests/test_envelope.py::TestEnvelopeRejections::test_the_no_envelope_message_does_not_claim_a_cause PASSED [ 26%]
tests/test_envelope.py::TestEnvelopeRejections::test_too_short_to_be_an_envelope PASSED [ 26%]
tests/test_envelope.py::TestEnvelopeRejections::test_empty_input PASSED  [ 26%]
tests/test_envelope.py::TestEnvelopeRejections::test_unsupported_version PASSED [ 26%]
tests/test_envelope.py::TestEnvelopeRejections::test_unknown_flag_bits_are_rejected PASSED [ 26%]
tests/test_envelope.py::TestEnvelopeRejections::test_trailing_bytes_are_rejected PASSED [ 26%]
tests/test_envelope.py::TestEnvelopeRejections::test_non_bytes_input PASSED [ 26%]
tests/test_envelope.py::TestEnvelopeRejections::test_truncation_is_reported_rather_than_crashing[1] PASSED [ 26%]
tests/test_envelope.py::TestEnvelopeRejections::test_truncation_is_reported_rather_than_crashing[5] PASSED [ 26%]
tests/test_envelope.py::TestEnvelopeRejections::test_truncation_is_reported_rather_than_crashing[20] PASSED [ 26%]
tests/test_envelope.py::TestEnvelopeRejections::test_truncation_is_reported_rather_than_crashing[100] PASSED [ 26%]
tests/test_envelope.py::TestEnvelopeRejections::test_truncation_is_reported_rather_than_crashing[300] PASSED [ 26%]
tests/test_envelope.py::TestEnvelopeRejections::test_every_truncation_point_is_handled PASSED [ 26%]
tests/test_envelope.py::TestEnvelopeRejections::test_oversized_declared_record_length_is_refused_before_allocating PASSED [ 26%]
tests/test_envelope.py::TestEnvelopeRejections::test_declared_record_length_beyond_the_buffer_is_refused PASSED [ 26%]
tests/test_envelope.py::TestEnvelopeRejections::test_declared_message_length_beyond_the_buffer_is_refused PASSED [ 27%]
tests/test_envelope.py::TestEnvelopeRejections::test_malformed_record_json_is_a_record_error PASSED [ 27%]
tests/test_envelope.py::TestBuildValidation::test_non_bytes_record PASSED [ 27%]
tests/test_envelope.py::TestBuildValidation::test_non_bytes_message PASSED [ 27%]
tests/test_envelope.py::TestBuildValidation::test_non_bytes_signature PASSED [ 27%]
tests/test_envelope.py::TestBuildValidation::test_oversized_section_is_refused PASSED [ 27%]
tests/test_envelope.py::TestBuildValidation::test_unknown_flag_bit_is_refused_at_build_time PASSED [ 27%]
tests/test_envelope.py::TestBuildValidation::test_flags_must_be_an_integer PASSED [ 27%]
tests/test_envelope.py::TestBuildValidation::test_boolean_flags_are_refused PASSED [ 27%]
tests/test_envelope.py::TestBuildValidation::test_flags_wider_than_a_byte_are_refused PASSED [ 27%]
tests/test_envelope.py::TestTamperSensitivity::test_every_signed_byte_matters PASSED [ 27%]
tests/test_envelope.py::TestTamperSensitivity::test_swapping_message_content_changes_the_signed_bytes PASSED [ 27%]
tests/test_envelope.py::TestTamperSensitivity::test_moving_a_byte_between_sections_changes_the_signed_bytes PASSED [ 27%]
tests/test_gui_consolidation.py::test_picker_and_drop_use_identical_validation[valid] PASSED [ 27%]
tests/test_gui_consolidation.py::test_picker_and_drop_use_identical_validation[missing] PASSED [ 27%]
tests/test_gui_consolidation.py::test_picker_and_drop_use_identical_validation[directory] PASSED [ 27%]
tests/test_gui_consolidation.py::test_picker_and_drop_use_identical_validation[unsupported] PASSED [ 27%]
tests/test_gui_consolidation.py::test_ambiguous_or_remote_drop_preserves_previous_selection[remote] PASSED [ 27%]
tests/test_gui_consolidation.py::test_ambiguous_or_remote_drop_preserves_previous_selection[mixed] PASSED [ 28%]
tests/test_gui_consolidation.py::test_ambiguous_or_remote_drop_preserves_previous_selection[multiple] PASSED [ 28%]
tests/test_gui_consolidation.py::test_failed_verdict_never_displays_or_saves_attached_plaintext[TAMPERED] PASSED [ 28%]
tests/test_gui_consolidation.py::test_failed_verdict_never_displays_or_saves_attached_plaintext[SIGNATURE_INVALID] PASSED [ 28%]
tests/test_gui_consolidation.py::test_failed_verdict_never_displays_or_saves_attached_plaintext[PAYLOAD_MISSING] PASSED [ 28%]
tests/test_gui_consolidation.py::test_failed_verdict_never_displays_or_saves_attached_plaintext[WRONG_START_LOCATION] PASSED [ 28%]
tests/test_gui_consolidation.py::test_failed_verdict_never_displays_or_saves_attached_plaintext[CANNOT_VERIFY] PASSED [ 28%]
tests/test_gui_consolidation.py::test_capacity_accounts_for_manual_offset PASSED [ 28%]
tests/test_gui_consolidation.py::test_capacity_worker_ignores_superseded_result PASSED [ 28%]
tests/test_gui_consolidation.py::test_clear_forgets_tab_input[ProtectTab-_cover_path] PASSED [ 28%]
tests/test_gui_consolidation.py::test_clear_forgets_tab_input[VerifyTab-_stego_path] PASSED [ 28%]
tests/test_gui_consolidation.py::test_clear_forgets_tab_input[AttackTab-_stego_path] PASSED [ 28%]
tests/test_gui_consolidation.py::test_clear_forgets_tab_input[SteganalysisTab-_path] PASSED [ 28%]
tests/test_gui_consolidation.py::test_verification_result_for_old_input_is_discarded PASSED [ 28%]
tests/test_gui_consolidation.py::test_sender_receiver_fingerprints_match PASSED [ 28%]
tests/test_gui_consolidation.py::test_cut_controls_are_absent PASSED     [ 28%]
tests/test_gui_lab_tabs.py::TestContextFromManifest::test_it_recovers_everything_the_attacks_need PASSED [ 28%]
tests/test_gui_lab_tabs.py::TestContextFromManifest::test_a_derived_location_needs_the_secret PASSED [ 28%]
tests/test_gui_lab_tabs.py::TestContextFromManifest::test_a_manual_location_needs_no_secret PASSED [ 29%]
tests/test_gui_lab_tabs.py::TestContextFromManifest::test_a_malformed_manifest_is_reported PASSED [ 29%]
tests/test_gui_lab_tabs.py::TestAttackTabConstruction::test_it_constructs PASSED [ 29%]
tests/test_gui_lab_tabs.py::TestAttackTabConstruction::test_the_list_is_empty_until_a_file_is_loaded PASSED [ 29%]
tests/test_gui_lab_tabs.py::TestAttackTabConstruction::test_loading_an_image_lists_the_image_attacks PASSED [ 29%]
tests/test_gui_lab_tabs.py::TestAttackTabConstruction::test_loading_audio_lists_the_audio_attacks PASSED [ 29%]
tests/test_gui_lab_tabs.py::TestAttackTabConstruction::test_payload_attacks_apply_to_both_media PASSED [ 29%]
tests/test_gui_lab_tabs.py::TestAttackTabConstruction::test_the_manifest_is_found_automatically PASSED [ 29%]
tests/test_gui_lab_tabs.py::TestAttackTabConstruction::test_only_the_needed_secret_fields_are_enabled PASSED [ 29%]
tests/test_gui_lab_tabs.py::TestAttackTabValidation::test_no_file_is_refused PASSED [ 29%]
tests/test_gui_lab_tabs.py::TestAttackTabValidation::test_a_missing_key_is_refused PASSED [ 29%]
tests/test_gui_lab_tabs.py::TestAttackTabValidation::test_a_missing_manifest_is_refused PASSED [ 29%]
tests/test_gui_lab_tabs.py::TestAttackTabValidation::test_a_loaded_file_with_a_selection_passes PASSED [ 29%]
tests/test_gui_lab_tabs.py::TestAttackTabRunning::test_corrupting_the_signature_changes_the_verdict PASSED [ 29%]
tests/test_gui_lab_tabs.py::TestAttackTabRunning::test_modifying_outside_the_payload_leaves_the_verdict_intact PASSED [ 29%]
tests/test_gui_lab_tabs.py::TestAttackTabRunning::test_the_log_records_expected_and_observed PASSED [ 29%]
tests/test_gui_lab_tabs.py::TestAttackTabRunning::test_an_audio_attack_runs PASSED [ 29%]
tests/test_gui_lab_tabs.py::TestAttackTabRunning::test_the_log_can_be_cleared PASSED [ 29%]
tests/test_gui_lab_tabs.py::TestAttackTabRunning::test_a_failure_is_reported_without_raising PASSED [ 30%]
tests/test_gui_lab_tabs.py::TestArrayToPixmap::test_a_grayscale_plane PASSED [ 30%]
tests/test_gui_lab_tabs.py::TestArrayToPixmap::test_an_rgb_image PASSED  [ 30%]
tests/test_gui_lab_tabs.py::TestArrayToPixmap::test_an_rgba_image PASSED [ 30%]
tests/test_gui_lab_tabs.py::TestArrayToPixmap::test_a_single_channel_three_dimensional_array PASSED [ 30%]
tests/test_gui_lab_tabs.py::TestArrayToPixmap::test_an_unsupported_shape_is_refused PASSED [ 30%]
tests/test_gui_lab_tabs.py::TestSteganalysisTab::test_it_constructs PASSED [ 30%]
tests/test_gui_lab_tabs.py::TestSteganalysisTab::test_the_disclaimer_is_always_displayed PASSED [ 30%]
tests/test_gui_lab_tabs.py::TestSteganalysisTab::test_no_file_is_refused PASSED [ 30%]
tests/test_gui_lab_tabs.py::TestSteganalysisTab::test_a_missing_reference_is_refused PASSED [ 30%]
tests/test_gui_lab_tabs.py::TestSteganalysisTab::test_it_proposes_the_likely_original PASSED [ 30%]
tests/test_gui_lab_tabs.py::TestSteganalysisTab::test_it_analyses_an_image_without_a_reference PASSED [ 30%]
tests/test_gui_lab_tabs.py::TestSteganalysisTab::test_it_analyses_an_image_with_a_reference PASSED [ 30%]
tests/test_gui_lab_tabs.py::TestSteganalysisTab::test_bit_planes_are_rendered_for_the_selected_channel PASSED [ 30%]
tests/test_gui_lab_tabs.py::TestSteganalysisTab::test_changing_the_channel_re_renders PASSED [ 30%]
tests/test_gui_lab_tabs.py::TestSteganalysisTab::test_an_insufficient_sample_renders_as_words PASSED [ 30%]
tests/test_gui_lab_tabs.py::TestSteganalysisTab::test_every_row_explains_what_it_measures PASSED [ 30%]
tests/test_gui_lab_tabs.py::TestSteganalysisTab::test_every_row_carries_the_disclaimer_as_a_tooltip PASSED [ 30%]
tests/test_gui_lab_tabs.py::TestSteganalysisTab::test_it_analyses_audio PASSED [ 30%]
tests/test_gui_lab_tabs.py::TestSteganalysisTab::test_audio_shows_no_bit_plane_grid PASSED [ 31%]
tests/test_gui_lab_tabs.py::TestSteganalysisTab::test_a_failure_is_reported_without_raising PASSED [ 31%]
tests/test_gui_lab_tabs.py::test_verification_actions_report_input_without_writing[verification.wrong_key] PASSED [ 31%]
tests/test_gui_lab_tabs.py::test_verification_actions_report_input_without_writing[verification.wrong_start] PASSED [ 31%]
tests/test_gui_shell.py::TestEntryPoint::test_main_module_imports_without_starting_qt PASSED [ 31%]
tests/test_gui_shell.py::TestEntryPoint::test_the_stylesheet_is_present_and_loads PASSED [ 31%]
tests/test_gui_shell.py::TestEntryPoint::test_a_missing_stylesheet_is_not_fatal PASSED [ 31%]
tests/test_gui_shell.py::TestEntryPoint::test_the_stylesheet_covers_every_verdict_style PASSED [ 31%]
tests/test_gui_shell.py::TestMainWindow::test_it_constructs PASSED       [ 31%]
tests/test_gui_shell.py::TestMainWindow::test_it_has_the_five_tabs_from_the_plan PASSED [ 31%]
tests/test_gui_shell.py::TestMainWindow::test_every_tab_is_a_real_widget PASSED [ 31%]
tests/test_gui_shell.py::TestMainWindow::test_the_tab_widget_is_styleable PASSED [ 31%]
tests/test_gui_shell.py::TestMainWindow::test_the_status_bar_starts_ready PASSED [ 31%]
tests/test_gui_shell.py::TestMainWindow::test_status_can_be_updated PASSED [ 31%]
tests/test_gui_shell.py::TestMainWindow::test_the_key_and_help_menus_exist PASSED [ 31%]
tests/test_gui_shell.py::TestMainWindow::test_key_actions_are_present PASSED [ 31%]
tests/test_gui_shell.py::TestMainWindow::test_generated_keys_reach_the_tabs_without_a_restart PASSED [ 31%]
tests/test_gui_shell.py::TestMainWindow::test_generated_keys_do_not_replace_a_chosen_key PASSED [ 31%]
tests/test_gui_shell.py::TestMainWindow::test_generated_keys_replace_text_that_is_not_a_key_file PASSED [ 32%]
tests/test_gui_shell.py::TestMainWindow::test_closing_an_idle_window_does_not_block PASSED [ 32%]
tests/test_gui_shell.py::TestTabs::test_each_tab_declares_a_title[protect_tab] PASSED [ 32%]
tests/test_gui_shell.py::TestTabs::test_each_tab_declares_a_title[verify_tab] PASSED [ 32%]
tests/test_gui_shell.py::TestTabs::test_each_tab_declares_a_title[attack_tab] PASSED [ 32%]
tests/test_gui_shell.py::TestTabs::test_each_tab_declares_a_title[steganalysis_tab] PASSED [ 32%]
tests/test_gui_shell.py::TestTabs::test_each_tab_declares_a_title[video_tab] PASSED [ 32%]
tests/test_gui_shell.py::TestTabs::test_each_tab_reports_progress_to_the_status_bar[protect_tab] PASSED [ 32%]
tests/test_gui_shell.py::TestTabs::test_each_tab_reports_progress_to_the_status_bar[verify_tab] PASSED [ 32%]
tests/test_gui_shell.py::TestTabs::test_each_tab_reports_progress_to_the_status_bar[attack_tab] PASSED [ 32%]
tests/test_gui_shell.py::TestTabs::test_each_tab_reports_progress_to_the_status_bar[steganalysis_tab] PASSED [ 32%]
tests/test_gui_shell.py::TestTabs::test_each_tab_reports_progress_to_the_status_bar[video_tab] PASSED [ 32%]
tests/test_gui_shell.py::TestWorker::test_a_successful_call_emits_its_result PASSED [ 32%]
tests/test_gui_shell.py::TestWorker::test_a_failing_call_emits_a_message_and_a_traceback PASSED [ 32%]
tests/test_gui_shell.py::TestWorker::test_finished_is_emitted_on_success_and_on_failure PASSED [ 32%]
tests/test_gui_shell.py::TestWorker::test_an_exception_never_escapes_the_worker PASSED [ 32%]
tests/test_gui_shell.py::TestWorker::test_keyword_arguments_are_passed_through PASSED [ 32%]
tests/test_gui_shell.py::TestDescribeException::test_application_errors_are_used_as_written PASSED [ 32%]
tests/test_gui_shell.py::TestDescribeException::test_manifest_errors_are_used_as_written PASSED [ 33%]
tests/test_gui_shell.py::TestDescribeException::test_unexpected_errors_get_their_type_named PASSED [ 33%]
tests/test_gui_shell.py::TestDescribeException::test_an_empty_message_still_names_the_type PASSED [ 33%]
tests/test_gui_shell.py::TestBackgroundRunner::test_it_runs_a_task_and_reports_the_result PASSED [ 33%]
tests/test_gui_shell.py::TestBackgroundRunner::test_it_reports_a_failure PASSED [ 33%]
tests/test_gui_shell.py::TestBackgroundRunner::test_the_active_count_returns_to_zero PASSED [ 33%]
tests/test_gui_shell.py::TestDropZone::test_it_accepts_a_supported_image PASSED [ 33%]
tests/test_gui_shell.py::TestDropZone::test_it_accepts_a_supported_audio_file PASSED [ 33%]
tests/test_gui_shell.py::TestDropZone::test_it_rejects_an_unsupported_file_with_a_reason PASSED [ 33%]
tests/test_gui_shell.py::TestDropZone::test_it_names_a_lossy_format_and_says_why PASSED [ 33%]
tests/test_gui_shell.py::TestDropZone::test_it_rejects_a_missing_file PASSED [ 33%]
tests/test_gui_shell.py::TestDropZone::test_it_restricts_to_the_configured_media_types PASSED [ 33%]
tests/test_gui_shell.py::TestDropZone::test_detection_is_by_content_not_extension PASSED [ 33%]
tests/test_gui_shell.py::TestDropZone::test_clearing_forgets_the_selection PASSED [ 33%]
tests/test_gui_shell.py::TestDropZone::test_it_accepts_drops PASSED      [ 33%]
tests/test_gui_shell.py::TestDropZone::test_the_dialog_filter_lists_supported_extensions PASSED [ 33%]
tests/test_gui_shell.py::TestDropZone::test_the_dialog_filter_can_be_restricted PASSED [ 33%]
tests/test_gui_shell.py::TestFileInfoPanel::test_it_starts_empty PASSED  [ 33%]
tests/test_gui_shell.py::TestFileInfoPanel::test_it_shows_a_description PASSED [ 34%]
tests/test_gui_shell.py::TestFileInfoPanel::test_it_flags_an_extension_mismatch PASSED [ 34%]
tests/test_gui_shell.py::TestFileInfoPanel::test_a_matching_extension_shows_no_notice PASSED [ 34%]
tests/test_gui_shell.py::TestFileInfoPanel::test_it_shows_image_capacity_rows PASSED [ 34%]
tests/test_gui_shell.py::TestFileInfoPanel::test_it_shows_audio_capacity_rows PASSED [ 34%]
tests/test_gui_shell.py::TestFileInfoPanel::test_it_reports_a_payload_that_does_not_fit PASSED [ 34%]
tests/test_gui_shell.py::TestFileInfoPanel::test_clearing_removes_every_row PASSED [ 34%]
tests/test_gui_shell.py::TestMediaPreview::test_it_shows_an_image PASSED [ 34%]
tests/test_gui_shell.py::TestMediaPreview::test_it_reports_an_unsupported_file PASSED [ 34%]
tests/test_gui_shell.py::TestMediaPreview::test_it_reports_a_missing_file PASSED [ 34%]
tests/test_gui_shell.py::TestMediaPreview::test_audio_either_plays_or_says_it_cannot PASSED [ 34%]
tests/test_gui_shell.py::TestMediaPreview::test_a_missing_backend_is_reported_rather_than_a_dead_button PASSED [ 34%]
tests/test_gui_shell.py::TestMediaPreview::test_the_bundled_ffmpeg_backend_loads_on_windows PASSED [ 34%]
tests/test_gui_shell.py::TestMediaPreview::test_clearing_forgets_the_file PASSED [ 34%]
tests/test_gui_shell.py::TestMediaPreview::test_stopping_without_a_player_is_safe PASSED [ 34%]
tests/test_gui_shell.py::TestResultPanel::test_it_starts_with_no_verdict PASSED [ 34%]
tests/test_gui_shell.py::TestResultPanel::test_it_shows_the_verdict PASSED [ 34%]
tests/test_gui_shell.py::TestResultPanel::test_every_verdict_renders[AUTHENTIC] PASSED [ 34%]
tests/test_gui_shell.py::TestResultPanel::test_every_verdict_renders[TAMPERED] PASSED [ 35%]
tests/test_gui_shell.py::TestResultPanel::test_every_verdict_renders[SIGNATURE_INVALID] PASSED [ 35%]
tests/test_gui_shell.py::TestResultPanel::test_every_verdict_renders[PAYLOAD_MISSING] PASSED [ 35%]
tests/test_gui_shell.py::TestResultPanel::test_every_verdict_renders[WRONG_START_LOCATION] PASSED [ 35%]
tests/test_gui_shell.py::TestResultPanel::test_every_verdict_renders[CANNOT_VERIFY] PASSED [ 35%]
tests/test_gui_shell.py::TestResultPanel::test_the_flags_are_shown_in_words PASSED [ 35%]
tests/test_gui_shell.py::TestResultPanel::test_an_unestablished_flag_says_so_rather_than_no PASSED [ 35%]
tests/test_gui_shell.py::TestResultPanel::test_notes_are_displayed PASSED [ 35%]
tests/test_gui_shell.py::TestResultPanel::test_mismatched_fields_are_listed PASSED [ 35%]
tests/test_gui_shell.py::TestResultPanel::test_an_error_can_be_shown_without_a_verdict PASSED [ 35%]
tests/test_gui_shell.py::TestResultPanel::test_clearing_resets_everything PASSED [ 35%]
tests/test_gui_shell.py::TestRecoveredContentIsInert::test_text_is_shown_as_plain_text PASSED [ 35%]
tests/test_gui_shell.py::TestRecoveredContentIsInert::test_markup_is_not_rendered PASSED [ 35%]
tests/test_gui_shell.py::TestRecoveredContentIsInert::test_the_payload_view_is_read_only PASSED [ 35%]
tests/test_gui_shell.py::TestRecoveredContentIsInert::test_binary_content_falls_back_to_a_hex_dump PASSED [ 35%]
tests/test_gui_shell.py::TestRecoveredContentIsInert::test_the_inert_notice_is_displayed PASSED [ 35%]
tests/test_gui_shell.py::TestRecoveredContentIsInert::test_no_message_leaves_the_view_empty PASSED [ 35%]
tests/test_gui_shell.py::TestRecoveredContentIsInert::test_switching_to_hex_and_back_works PASSED [ 35%]
tests/test_gui_shell.py::TestHexDump::test_offsets_and_ascii_columns PASSED [ 35%]
tests/test_gui_shell.py::TestHexDump::test_unprintable_bytes_become_dots PASSED [ 36%]
tests/test_gui_shell.py::TestHexDump::test_empty_input PASSED            [ 36%]
tests/test_gui_shell.py::TestHexDump::test_long_input_is_truncated_with_a_note PASSED [ 36%]
tests/test_gui_shell.py::TestHexDump::test_rows_use_the_configured_width PASSED [ 36%]
tests/test_gui_tabs.py::TestProtectTabConstruction::test_it_constructs PASSED [ 36%]
tests/test_gui_tabs.py::TestProtectTabConstruction::test_the_depth_control_covers_one_to_eight PASSED [ 36%]
tests/test_gui_tabs.py::TestProtectTabConstruction::test_the_depth_label_tracks_the_slider PASSED [ 36%]
tests/test_gui_tabs.py::TestProtectTabConstruction::test_both_start_methods_are_offered PASSED [ 36%]
Windows fatal exception: access violation

Current thread 0x00002c08 (most recent call first):
  <no Python frame>

Thread 0x00006e9c (most recent call first):
  File "A:\Code\GUI-based-LSB-Replacement-steganography-program\.venv-t05\Lib\site-packages\_pytest\_io\terminalwriter.py", line 184 in flush
  File "A:\Code\GUI-based-LSB-Replacement-steganography-program\.venv-t05\Lib\site-packages\_pytest\_io\terminalwriter.py", line 177 in write
  File "A:\Code\GUI-based-LSB-Replacement-steganography-program\.venv-t05\Lib\site-packages\_pytest\terminal.py", line 494 in write
  File "A:\Code\GUI-based-LSB-Replacement-steganography-program\.venv-t05\Lib\site-packages\_pytest\terminal.py", line 721 in _write_progress_information_filling_space
  File "A:\Code\GUI-based-LSB-Replacement-steganography-program\.venv-t05\Lib\site-packages\_pytest\terminal.py", line 651 in pytest_runtest_logreport
  File "A:\Code\GUI-based-LSB-Replacement-steganography-program\.venv-t05\Lib\site-packages\pluggy\_callers.py", line 121 in _multicall
  File "A:\Code\GUI-based-LSB-Replacement-steganography-program\.venv-t05\Lib\site-packages\pluggy\_manager.py", line 120 in _hookexec
  File "A:\Code\GUI-based-LSB-Replacement-steganography-program\.venv-t05\Lib\site-packages\pluggy\_hooks.py", line 512 in __call__
  File "A:\Code\GUI-based-LSB-Replacement-steganography-program\.venv-t05\Lib\site-packages\_pytest\runner.py", line 246 in call_and_report
  File "A:\Code\GUI-based-LSB-Replacement-steganography-program\.venv-t05\Lib\site-packages\_pytest\runner.py", line 132 in runtestprotocol
  File "A:\Code\GUI-based-LSB-Replacement-steganography-program\.venv-t05\Lib\site-packages\_pytest\runner.py", line 113 in pytest_runtest_protocol
  File "A:\Code\GUI-based-LSB-Replacement-steganography-program\.venv-t05\Lib\site-packages\pluggy\_callers.py", line 121 in _multicall
  File "A:\Code\GUI-based-LSB-Replacement-steganography-program\.venv-t05\Lib\site-packages\pluggy\_manager.py", line 120 in _hookexec
  File "A:\Code\GUI-based-LSB-Replacement-steganography-program\.venv-t05\Lib\site-packages\pluggy\_hooks.py", line 512 in __call__
  File "A:\Code\GUI-based-LSB-Replacement-steganography-program\.venv-t05\Lib\site-packages\_pytest\main.py", line 362 in pytest_runtestloop
  File "A:\Code\GUI-based-LSB-Replacement-steganography-program\.venv-t05\Lib\site-packages\pluggy\_callers.py", line 121 in _multicall
  File "A:\Code\GUI-based-LSB-Replacement-steganography-program\.venv-t05\Lib\site-packages\pluggy\_manager.py", line 120 in _hookexec
  File "A:\Code\GUI-based-LSB-Replacement-steganography-program\.venv-t05\Lib\site-packages\pluggy\_hooks.py", line 512 in __call__
  File "A:\Code\GUI-based-LSB-Replacement-steganography-program\.venv-t05\Lib\site-packages\_pytest\main.py", line 337 in _main
  File "A:\Code\GUI-based-LSB-Replacement-steganography-program\.venv-t05\Lib\site-packages\_pytest\main.py", line 283 in wrap_session
  File "A:\Code\GUI-based-LSB-Replacement-steganography-program\.venv-t05\Lib\site-packages\_pytest\main.py", line 330 in pytest_cmdline_main
  File "A:\Code\GUI-based-LSB-Replacement-steganography-program\.venv-t05\Lib\site-packages\pluggy\_callers.py", line 121 in _multicall
  File "A:\Code\GUI-based-LSB-Replacement-steganography-program\.venv-t05\Lib\site-packages\pluggy\_manager.py", line 120 in _hookexec
  File "A:\Code\GUI-based-LSB-Replacement-steganography-program\.venv-t05\Lib\site-packages\pluggy\_hooks.py", line 512 in __call__
  File "A:\Code\GUI-based-LSB-Replacement-steganography-program\.venv-t05\Lib\site-packages\_pytest\config\__init__.py", line 175 in main
  File "A:\Code\GUI-based-LSB-Replacement-steganography-program\.venv-t05\Lib\site-packages\_pytest\config\__init__.py", line 201 in console_main
  File "A:\Code\GUI-based-LSB-Replacement-steganography-program\.venv-t05\Lib\site-packages\pytest\__main__.py", line 9 in <module>
  File "<frozen runpy>", line 88 in _run_code
  File "<frozen runpy>", line 198 in _run_module_as_main
tests/test_gui_tabs.py::TestProtectTabConstruction::test_the_drop_zone_accepts_every_registered_medium PASSED [ 36%]
